TN:
SF:src\App.tsx
FN:23,(anonymous_0)
FN:34,(anonymous_1)
FN:36,(anonymous_2)
FN:39,(anonymous_3)
FNF:4
FNH:0
FNDA:0,(anonymous_0)
FNDA:0,(anonymous_1)
FNDA:0,(anonymous_2)
FNDA:0,(anonymous_3)
DA:15,0
DA:21,0
DA:23,0
DA:24,0
DA:25,0
DA:34,0
DA:36,0
DA:39,0
DA:40,0
DA:45,0
LF:10
LH:0
BRDA:27,0,0,0
BRDA:27,0,1,0
BRF:2
BRH:0
end_of_record
TN:
SF:src\ar\scenes\ModelPlacementARScene.tsx
FN:58,getModelSource
FN:66,(anonymous_1)
FN:87,(anonymous_2)
FN:91,(anonymous_3)
FN:106,(anonymous_4)
FN:112,(anonymous_5)
FN:125,(anonymous_6)
FN:131,(anonymous_7)
FN:166,(anonymous_8)
FN:185,(anonymous_9)
FN:209,(anonymous_10)
FN:243,(anonymous_11)
FN:256,(anonymous_12)
FN:268,(anonymous_13)
FN:294,(anonymous_14)
FN:321,(anonymous_15)
FN:368,(anonymous_16)
FN:381,(anonymous_17)
FN:431,(anonymous_18)
FNF:19
FNH:0
FNDA:0,getModelSource
FNDA:0,(anonymous_1)
FNDA:0,(anonymous_2)
FNDA:0,(anonymous_3)
FNDA:0,(anonymous_4)
FNDA:0,(anonymous_5)
FNDA:0,(anonymous_6)
FNDA:0,(anonymous_7)
FNDA:0,(anonymous_8)
FNDA:0,(anonymous_9)
FNDA:0,(anonymous_10)
FNDA:0,(anonymous_11)
FNDA:0,(anonymous_12)
FNDA:0,(anonymous_13)
FNDA:0,(anonymous_14)
FNDA:0,(anonymous_15)
FNDA:0,(anonymous_16)
FNDA:0,(anonymous_17)
FNDA:0,(anonymous_18)
DA:11,0
DA:20,0
DA:29,0
DA:59,0
DA:60,0
DA:63,0
DA:66,0
DA:67,0
DA:69,0
DA:71,0
DA:72,0
DA:77,0
DA:78,0
DA:81,0
DA:82,0
DA:83,0
DA:84,0
DA:85,0
DA:87,0
DA:90,0
DA:91,0
DA:92,0
DA:96,0
DA:97,0
DA:98,0
DA:99,0
DA:100,0
DA:103,0
DA:104,0
DA:106,0
DA:108,0
DA:109,0
DA:112,0
DA:113,0
DA:114,0
DA:116,0
DA:118,0
DA:119,0
DA:120,0
DA:121,0
DA:124,0
DA:125,0
DA:126,0
DA:127,0
DA:129,0
DA:131,0
DA:132,0
DA:133,0
DA:134,0
DA:135,0
DA:139,0
DA:140,0
DA:143,0
DA:147,0
DA:148,0
DA:151,0
DA:154,0
DA:155,0
DA:156,0
DA:163,0
DA:166,0
DA:167,0
DA:168,0
DA:171,0
DA:172,0
DA:175,0
DA:176,0
DA:177,0
DA:178,0
DA:180,0
DA:181,0
DA:182,0
DA:184,0
DA:185,0
DA:186,0
DA:188,0
DA:189,0
DA:194,0
DA:198,0
DA:199,0
DA:202,0
DA:205,0
DA:208,0
DA:210,0
DA:211,0
DA:213,0
DA:215,0
DA:216,0
DA:218,0
DA:220,0
DA:222,0
DA:226,0
DA:227,0
DA:229,0
DA:230,0
DA:231,0
DA:232,0
DA:235,0
DA:236,0
DA:237,0
DA:238,0
DA:242,0
DA:243,0
DA:244,0
DA:247,0
DA:250,0
DA:255,0
DA:257,0
DA:258,0
DA:260,0
DA:261,0
DA:263,0
DA:268,0
DA:269,0
DA:273,0
DA:274,0
DA:275,0
DA:280,0
DA:284,0
DA:285,0
DA:286,0
DA:287,0
DA:288,0
DA:294,0
DA:295,0
DA:296,0
DA:297,0
DA:298,0
DA:299,0
DA:300,0
DA:301,0
DA:302,0
DA:305,0
DA:306,0
DA:307,0
DA:308,0
DA:311,0
DA:312,0
DA:315,0
DA:316,0
DA:317,0
DA:318,0
DA:319,0
DA:320,0
DA:321,0
DA:322,0
DA:326,0
DA:327,0
DA:330,0
DA:331,0
DA:332,0
DA:336,0
DA:340,0
DA:341,0
DA:342,0
DA:346,0
DA:349,0
DA:351,0
DA:356,0
DA:357,0
DA:364,0
DA:365,0
DA:369,0
DA:378,0
DA:382,0
DA:432,0
DA:434,0
LF:167
LH:0
BRDA:59,0,0,0
BRDA:59,0,1,0
BRDA:59,1,0,0
BRDA:59,1,1,0
BRDA:59,1,2,0
BRDA:69,2,0,0
BRDA:69,2,1,0
BRDA:71,3,0,0
BRDA:71,3,1,0
BRDA:71,4,0,0
BRDA:71,4,1,0
BRDA:74,5,0,0
BRDA:74,5,1,0
BRDA:74,6,0,0
BRDA:74,6,1,0
BRDA:77,7,0,0
BRDA:77,7,1,0
BRDA:78,8,0,0
BRDA:78,8,1,0
BRDA:113,9,0,0
BRDA:113,9,1,0
BRDA:126,10,0,0
BRDA:126,10,1,0
BRDA:134,11,0,0
BRDA:134,11,1,0
BRDA:134,12,0,0
BRDA:134,12,1,0
BRDA:139,13,0,0
BRDA:139,13,1,0
BRDA:147,14,0,0
BRDA:147,14,1,0
BRDA:147,15,0,0
BRDA:147,15,1,0
BRDA:167,16,0,0
BRDA:167,16,1,0
BRDA:167,17,0,0
BRDA:167,17,1,0
BRDA:172,18,0,0
BRDA:172,18,1,0
BRDA:177,19,0,0
BRDA:177,19,1,0
BRDA:181,20,0,0
BRDA:181,20,1,0
BRDA:181,21,0,0
BRDA:181,21,1,0
BRDA:185,22,0,0
BRDA:185,22,1,0
BRDA:188,23,0,0
BRDA:188,23,1,0
BRDA:198,24,0,0
BRDA:198,24,1,0
BRDA:198,25,0,0
BRDA:198,25,1,0
BRDA:210,26,0,0
BRDA:210,26,1,0
BRDA:215,27,0,0
BRDA:215,27,1,0
BRDA:222,28,0,0
BRDA:222,28,1,0
BRDA:222,29,0,0
BRDA:222,29,1,0
BRDA:229,30,0,0
BRDA:229,30,1,0
BRDA:237,31,0,0
BRDA:237,31,1,0
BRDA:250,32,0,0
BRDA:250,32,1,0
BRDA:257,33,0,0
BRDA:257,33,1,0
BRDA:260,34,0,0
BRDA:260,34,1,0
BRDA:260,35,0,0
BRDA:260,35,1,0
BRDA:268,36,0,0
BRDA:268,36,1,0
BRDA:286,37,0,0
BRDA:286,37,1,0
BRDA:299,38,0,0
BRDA:299,38,1,0
BRDA:301,39,0,0
BRDA:301,39,1,0
BRDA:305,40,0,0
BRDA:305,40,1,0
BRDA:307,41,0,0
BRDA:307,41,1,0
BRDA:311,42,0,0
BRDA:311,42,1,0
BRDA:311,43,0,0
BRDA:311,43,1,0
BRDA:311,43,2,0
BRDA:311,43,3,0
BRDA:321,44,0,0
BRDA:321,44,1,0
BRDA:341,45,0,0
BRDA:341,45,1,0
BRDA:364,46,0,0
BRDA:364,46,1,0
BRDA:385,47,0,0
BRDA:385,47,1,0
BRDA:393,48,0,0
BRDA:393,48,1,0
BRDA:393,48,2,0
BRDA:400,49,0,0
BRDA:400,49,1,0
BRDA:406,50,0,0
BRDA:406,50,1,0
BRF:106
BRH:0
end_of_record
TN:
SF:src\components\ThemedText.tsx
FN:12,ThemedText
FNF:1
FNH:0
FNDA:0,ThemedText
DA:19,0
DA:21,0
DA:37,0
LF:3
LH:0
BRDA:16,0,0,0
BRDA:25,1,0,0
BRDA:25,1,1,0
BRDA:26,2,0,0
BRDA:26,2,1,0
BRDA:27,3,0,0
BRDA:27,3,1,0
BRDA:28,4,0,0
BRDA:28,4,1,0
BRDA:29,5,0,0
BRDA:29,5,1,0
BRF:11
BRH:0
end_of_record
TN:
SF:src\components\ThemedView.tsx
FN:10,ThemedView
FNF:1
FNH:0
FNDA:0,ThemedView
DA:11,0
DA:13,0
LF:2
LH:0
BRF:0
BRH:0
end_of_record
TN:
SF:src\components\cards\ProductCard.tsx
FN:21,(anonymous_0)
FNF:1
FNH:0
FNDA:0,(anonymous_0)
DA:5,0
DA:6,0
DA:21,0
DA:22,0
DA:41,0
LF:5
LH:0
BRF:0
BRH:0
end_of_record
TN:
SF:src\components\common\AppText.tsx
FN:5,scaleTextStyle
FN:20,(anonymous_1)
FN:23,(anonymous_2)
FNF:3
FNH:0
FNDA:0,scaleTextStyle
FNDA:0,(anonymous_1)
FNDA:0,(anonymous_2)
DA:6,0
DA:7,0
DA:8,0
DA:10,0
DA:11,0
DA:13,0
DA:20,0
DA:21,0
DA:23,0
DA:24,0
DA:25,0
DA:26,0
DA:28,0
DA:29,0
DA:31,0
DA:34,0
LF:16
LH:0
BRDA:7,0,0,0
BRDA:7,0,1,0
BRDA:10,1,0,0
BRDA:10,1,1,0
BRDA:20,2,0,0
BRDA:25,3,0,0
BRDA:25,3,1,0
BRDA:28,4,0,0
BRDA:28,4,1,0
BRDA:28,5,0,0
BRDA:28,5,1,0
BRF:11
BRH:0
end_of_record
TN:
SF:src\components\common\AuthLoadingOverlay.tsx
FN:13,(anonymous_0)
FN:24,(anonymous_1)
FN:27,(anonymous_2)
FN:36,(anonymous_3)
FN:59,(anonymous_4)
FNF:5
FNH:0
FNDA:0,(anonymous_0)
FNDA:0,(anonymous_1)
FNDA:0,(anonymous_2)
FNDA:0,(anonymous_3)
FNDA:0,(anonymous_4)
DA:7,0
DA:13,0
DA:14,0
DA:16,0
DA:17,0
DA:18,0
DA:19,0
DA:20,0
DA:21,0
DA:22,0
DA:24,0
DA:25,0
DA:27,0
DA:28,0
DA:36,0
DA:37,0
DA:45,0
DA:46,0
DA:47,0
DA:48,0
DA:49,0
DA:50,0
DA:52,0
DA:53,0
DA:54,0
DA:55,0
DA:56,0
DA:57,0
DA:59,0
DA:60,0
DA:61,0
DA:62,0
DA:63,0
DA:64,0
DA:65,0
DA:69,0
DA:70,0
DA:71,0
DA:73,0
DA:121,0
LF:40
LH:0
BRDA:13,0,0,0
BRF:1
BRH:0
end_of_record
TN:
SF:src\components\common\Button.tsx
FN:22,(anonymous_0)
FN:31,(anonymous_1)
FN:45,(anonymous_2)
FNF:3
FNH:0
FNDA:0,(anonymous_0)
FNDA:0,(anonymous_1)
FNDA:0,(anonymous_2)
DA:22,0
DA:31,0
DA:32,0
DA:33,0
DA:35,0
DA:37,0
DA:39,0
DA:41,0
DA:45,0
DA:46,0
DA:47,0
DA:49,0
DA:51,0
DA:53,0
DA:55,0
DA:59,0
DA:80,0
LF:17
LH:0
BRDA:25,0,0,0
BRDA:26,1,0,0
BRDA:29,2,0,0
BRDA:32,3,0,0
BRDA:32,3,1,0
BRDA:35,4,0,0
BRDA:35,4,1,0
BRDA:35,4,2,0
BRDA:46,5,0,0
BRDA:46,5,1,0
BRDA:49,6,0,0
BRDA:49,6,1,0
BRDA:49,6,2,0
BRDA:64,7,0,0
BRDA:64,7,1,0
BRDA:68,8,0,0
BRDA:68,8,1,0
BRDA:71,9,0,0
BRDA:71,9,1,0
BRF:19
BRH:0
end_of_record
TN:
SF:src\components\ui\IconSymbol.tsx
FN:23,IconSymbol
FNF:1
FNH:0
FNDA:0,IconSymbol
DA:7,0
DA:35,0
LF:2
LH:0
BRDA:25,0,0,0
BRF:1
BRH:0
end_of_record
TN:
SF:src\constants\Colors.ts
FNF:0
FNH:0
DA:6,0
DA:7,0
DA:9,0
LF:3
LH:0
BRF:0
BRH:0
end_of_record
TN:
SF:src\constants\avatars.ts
FN:73,resolveAvatarId
FNF:1
FNH:0
FNDA:0,resolveAvatarId
DA:28,0
DA:51,0
DA:78,0
DA:79,0
DA:80,0
DA:82,0
DA:83,0
DA:85,0
DA:86,0
DA:87,0
DA:89,0
LF:11
LH:0
BRDA:79,0,0,0
BRDA:79,0,1,0
BRDA:82,1,0,0
BRDA:82,1,1,0
BRDA:85,2,0,0
BRDA:85,2,1,0
BRDA:86,3,0,0
BRDA:86,3,1,0
BRDA:86,4,0,0
BRDA:86,4,1,0
BRF:10
BRH:0
end_of_record
TN:
SF:src\contexts\AppAlertContext.tsx
FN:26,(anonymous_0)
FN:35,(anonymous_1)
FN:42,(anonymous_2)
FN:46,(anonymous_3)
FN:53,(anonymous_4)
FN:54,(anonymous_5)
FN:60,(anonymous_6)
FN:68,(anonymous_7)
FN:72,(anonymous_8)
FN:77,(anonymous_9)
FN:78,(anonymous_10)
FN:81,(anonymous_11)
FN:122,(anonymous_12)
FN:134,(anonymous_13)
FN:136,(anonymous_14)
FN:159,useAppAlert
FNF:16
FNH:0
FNDA:0,(anonymous_0)
FNDA:0,(anonymous_1)
FNDA:0,(anonymous_2)
FNDA:0,(anonymous_3)
FNDA:0,(anonymous_4)
FNDA:0,(anonymous_5)
FNDA:0,(anonymous_6)
FNDA:0,(anonymous_7)
FNDA:0,(anonymous_8)
FNDA:0,(anonymous_9)
FNDA:0,(anonymous_10)
FNDA:0,(anonymous_11)
FNDA:0,(anonymous_12)
FNDA:0,(anonymous_13)
FNDA:0,(anonymous_14)
FNDA:0,useAppAlert
DA:24,0
DA:26,0
DA:27,0
DA:29,0
DA:30,0
DA:32,0
DA:33,0
DA:35,0
DA:36,0
DA:42,0
DA:43,0
DA:47,0
DA:48,0
DA:53,0
DA:54,0
DA:55,0
DA:56,0
DA:60,0
DA:61,0
DA:62,0
DA:63,0
DA:65,0
DA:68,0
DA:69,0
DA:72,0
DA:74,0
DA:75,0
DA:77,0
DA:78,0
DA:79,0
DA:80,0
DA:81,0
DA:82,0
DA:84,0
DA:87,0
DA:88,0
DA:89,0
DA:90,0
DA:91,0
DA:93,0
DA:123,0
DA:124,0
DA:125,0
DA:131,0
DA:135,0
DA:136,0
DA:160,0
DA:161,0
DA:162,0
DA:164,0
DA:167,0
LF:51
LH:0
BRDA:47,0,0,0
BRDA:47,0,1,0
BRDA:61,1,0,0
BRDA:61,1,1,0
BRDA:74,2,0,0
BRDA:74,2,1,0
BRDA:79,3,0,0
BRDA:79,3,1,0
BRDA:91,4,0,0
BRDA:91,4,1,0
BRDA:116,5,0,0
BRDA:116,5,1,0
BRDA:117,6,0,0
BRDA:117,6,1,0
BRDA:121,7,0,0
BRDA:121,7,1,0
BRDA:125,8,0,0
BRDA:125,8,1,0
BRDA:127,9,0,0
BRDA:127,9,1,0
BRDA:142,10,0,0
BRDA:142,10,1,0
BRDA:142,11,0,0
BRDA:142,11,1,0
BRDA:144,12,0,0
BRDA:144,12,1,0
BRDA:161,13,0,0
BRDA:161,13,1,0
BRF:28
BRH:0
end_of_record
TN:
SF:src\contexts\AuthContext.tsx
FN:58,(anonymous_0)
FN:70,handleAuthStateChanged
FN:87,(anonymous_2)
FN:90,(anonymous_3)
FN:100,(anonymous_4)
FN:119,(anonymous_5)
FN:129,(anonymous_6)
FN:147,(anonymous_7)
FN:170,(anonymous_8)
FN:176,(anonymous_9)
FN:185,(anonymous_10)
FN:189,(anonymous_11)
FN:198,(anonymous_12)
FN:205,(anonymous_13)
FN:240,(anonymous_14)
FN:265,(anonymous_15)
FN:282,(anonymous_16)
FN:286,(anonymous_17)
FN:290,(anonymous_18)
FN:308,(anonymous_19)
FN:312,(anonymous_20)
FN:332,(anonymous_21)
FN:333,(anonymous_22)
FN:336,(anonymous_23)
FN:340,(anonymous_24)
FN:355,(anonymous_25)
FN:415,(anonymous_26)
FNF:27
FNH:0
FNDA:0,(anonymous_0)
FNDA:0,handleAuthStateChanged
FNDA:0,(anonymous_2)
FNDA:0,(anonymous_3)
FNDA:0,(anonymous_4)
FNDA:0,(anonymous_5)
FNDA:0,(anonymous_6)
FNDA:0,(anonymous_7)
FNDA:0,(anonymous_8)
FNDA:0,(anonymous_9)
FNDA:0,(anonymous_10)
FNDA:0,(anonymous_11)
FNDA:0,(anonymous_12)
FNDA:0,(anonymous_13)
FNDA:0,(anonymous_14)
FNDA:0,(anonymous_15)
FNDA:0,(anonymous_16)
FNDA:0,(anonymous_17)
FNDA:0,(anonymous_18)
FNDA:0,(anonymous_19)
FNDA:0,(anonymous_20)
FNDA:0,(anonymous_21)
FNDA:0,(anonymous_22)
FNDA:0,(anonymous_23)
FNDA:0,(anonymous_24)
FNDA:0,(anonymous_25)
FNDA:0,(anonymous_26)
DA:56,0
DA:58,0
DA:59,0
DA:60,0
DA:61,0
DA:62,0
DA:63,0
DA:64,0
DA:65,0
DA:66,0
DA:67,0
DA:71,0
DA:72,0
DA:73,0
DA:74,0
DA:75,0
DA:83,0
DA:84,0
DA:85,0
DA:87,0
DA:90,0
DA:91,0
DA:92,0
DA:94,0
DA:95,0
DA:100,0
DA:101,0
DA:104,0
DA:105,0
DA:109,0
DA:110,0
DA:111,0
DA:112,0
DA:113,0
DA:117,0
DA:119,0
DA:120,0
DA:121,0
DA:129,0
DA:130,0
DA:131,0
DA:132,0
DA:133,0
DA:134,0
DA:135,0
DA:136,0
DA:139,0
DA:140,0
DA:142,0
DA:144,0
DA:145,0
DA:146,0
DA:147,0
DA:148,0
DA:149,0
DA:150,0
DA:151,0
DA:153,0
DA:154,0
DA:155,0
DA:156,0
DA:157,0
DA:163,0
DA:164,0
DA:165,0
DA:170,0
DA:171,0
DA:176,0
DA:177,0
DA:178,0
DA:179,0
DA:180,0
DA:183,0
DA:184,0
DA:186,0
DA:187,0
DA:190,0
DA:191,0
DA:195,0
DA:196,0
DA:198,0
DA:199,0
DA:200,0
DA:205,0
DA:206,0
DA:207,0
DA:208,0
DA:210,0
DA:211,0
DA:212,0
DA:213,0
DA:216,0
DA:218,0
DA:219,0
DA:223,0
DA:226,0
DA:227,0
DA:233,0
DA:235,0
DA:236,0
DA:240,0
DA:241,0
DA:242,0
DA:244,0
DA:245,0
DA:246,0
DA:247,0
DA:250,0
DA:251,0
DA:252,0
DA:256,0
DA:259,0
DA:261,0
DA:265,0
DA:266,0
DA:267,0
DA:268,0
DA:270,0
DA:272,0
DA:273,0
DA:279,0
DA:282,0
DA:283,0
DA:286,0
DA:287,0
DA:290,0
DA:291,0
DA:295,0
DA:298,0
DA:299,0
DA:305,0
DA:308,0
DA:309,0
DA:312,0
DA:313,0
DA:314,0
DA:315,0
DA:316,0
DA:317,0
DA:318,0
DA:320,0
DA:321,0
DA:322,0
DA:326,0
DA:329,0
DA:332,0
DA:333,0
DA:336,0
DA:337,0
DA:340,0
DA:341,0
DA:342,0
DA:343,0
DA:345,0
DA:346,0
DA:348,0
DA:350,0
DA:352,0
DA:355,0
DA:356,0
DA:358,0
DA:359,0
DA:360,0
DA:361,0
DA:362,0
DA:363,0
DA:364,0
DA:365,0
DA:367,0
DA:368,0
DA:369,0
DA:370,0
DA:371,0
DA:372,0
DA:373,0
DA:374,0
DA:375,0
DA:377,0
DA:381,0
DA:383,0
DA:415,0
DA:416,0
DA:417,0
DA:418,0
DA:420,0
LF:185
LH:0
BRDA:74,0,0,0
BRDA:74,0,1,0
BRDA:92,1,0,0
BRDA:92,1,1,0
BRDA:92,2,0,0
BRDA:92,2,1,0
BRDA:120,3,0,0
BRDA:120,3,1,0
BRDA:130,4,0,0
BRDA:130,4,1,0
BRDA:131,5,0,0
BRDA:131,5,1,0
BRDA:139,6,0,0
BRDA:139,6,1,0
BRDA:139,7,0,0
BRDA:139,7,1,0
BRDA:150,8,0,0
BRDA:150,8,1,0
BRDA:155,9,0,0
BRDA:155,9,1,0
BRDA:163,10,0,0
BRDA:163,10,1,0
BRDA:177,11,0,0
BRDA:177,11,1,0
BRDA:177,12,0,0
BRDA:177,12,1,0
BRDA:187,13,0,0
BRDA:187,13,1,0
BRDA:199,14,0,0
BRDA:199,14,1,0
BRDA:216,15,0,0
BRDA:216,15,1,0
BRDA:250,16,0,0
BRDA:250,16,1,0
BRDA:270,17,0,0
BRDA:270,17,1,0
BRDA:320,18,0,0
BRDA:320,18,1,0
BRDA:342,19,0,0
BRDA:342,19,1,0
BRDA:345,20,0,0
BRDA:345,20,1,0
BRDA:367,21,0,0
BRDA:367,21,1,0
BRDA:417,22,0,0
BRDA:417,22,1,0
BRF:46
BRH:0
end_of_record
TN:
SF:src\contexts\FontSizeContext.tsx
FN:20,(anonymous_0)
FN:23,(anonymous_1)
FN:25,(anonymous_2)
FN:34,(anonymous_3)
FN:41,(anonymous_4)
FN:47,(anonymous_5)
FN:54,useFontSize
FNF:7
FNH:0
FNDA:0,(anonymous_0)
FNDA:0,(anonymous_1)
FNDA:0,(anonymous_2)
FNDA:0,(anonymous_3)
FNDA:0,(anonymous_4)
FNDA:0,(anonymous_5)
FNDA:0,useFontSize
DA:10,0
DA:18,0
DA:20,0
DA:21,0
DA:23,0
DA:24,0
DA:25,0
DA:26,0
DA:27,0
DA:28,0
DA:30,0
DA:31,0
DA:34,0
DA:35,0
DA:39,0
DA:41,0
DA:42,0
DA:43,0
DA:46,0
DA:47,0
DA:51,0
DA:55,0
DA:56,0
DA:57,0
DA:59,0
LF:25
LH:0
BRDA:27,0,0,0
BRDA:27,0,1,0
BRDA:30,1,0,0
BRDA:30,1,1,0
BRDA:39,2,0,0
BRDA:39,2,1,0
BRDA:56,3,0,0
BRDA:56,3,1,0
BRF:8
BRH:0
end_of_record
TN:
SF:src\contexts\ThemeContext.tsx
FN:54,(anonymous_0)
FN:64,(anonymous_1)
FN:69,(anonymous_2)
FN:70,(anonymous_3)
FN:81,(anonymous_4)
FN:100,(anonymous_5)
FNF:6
FNH:0
FNDA:0,(anonymous_0)
FNDA:0,(anonymous_1)
FNDA:0,(anonymous_2)
FNDA:0,(anonymous_3)
FNDA:0,(anonymous_4)
FNDA:0,(anonymous_5)
DA:9,0
DA:26,0
DA:51,0
DA:59,0
DA:60,0
DA:64,0
DA:65,0
DA:66,0
DA:69,0
DA:70,0
DA:71,0
DA:72,0
DA:73,0
DA:75,0
DA:78,0
DA:81,0
DA:83,0
DA:85,0
DA:86,0
DA:87,0
DA:90,0
DA:92,0
DA:100,0
DA:101,0
DA:102,0
DA:103,0
DA:105,0
LF:27
LH:0
BRDA:59,0,0,0
BRDA:59,0,1,0
BRDA:59,1,0,0
BRDA:59,1,1,0
BRDA:66,2,0,0
BRDA:66,2,1,0
BRDA:72,3,0,0
BRDA:72,3,1,0
BRDA:73,4,0,0
BRDA:73,4,1,0
BRDA:75,5,0,0
BRDA:75,5,1,0
BRDA:85,6,0,0
BRDA:85,6,1,0
BRDA:90,7,0,0
BRDA:90,7,1,0
BRDA:102,8,0,0
BRDA:102,8,1,0
BRF:18
BRH:0
end_of_record
TN:
SF:src\hooks\useAvatarSource.ts
FN:16,useAvatarSource
FN:22,(anonymous_1)
FN:25,(anonymous_2)
FN:43,(anonymous_3)
FN:56,useAvatarSourceForUser
FN:63,(anonymous_5)
FN:66,(anonymous_6)
FN:84,(anonymous_7)
FNF:8
FNH:0
FNDA:0,useAvatarSource
FNDA:0,(anonymous_1)
FNDA:0,(anonymous_2)
FNDA:0,(anonymous_3)
FNDA:0,useAvatarSourceForUser
FNDA:0,(anonymous_5)
FNDA:0,(anonymous_6)
FNDA:0,(anonymous_7)
DA:20,0
DA:22,0
DA:23,0
DA:25,0
DA:26,0
DA:27,0
DA:28,0
DA:29,0
DA:32,0
DA:34,0
DA:35,0
DA:36,0
DA:41,0
DA:43,0
DA:44,0
DA:48,0
DA:61,0
DA:63,0
DA:64,0
DA:66,0
DA:67,0
DA:68,0
DA:69,0
DA:70,0
DA:73,0
DA:75,0
DA:76,0
DA:77,0
DA:82,0
DA:84,0
DA:85,0
DA:89,0
LF:32
LH:0
BRDA:18,0,0,0
BRDA:28,1,0,0
BRDA:28,1,1,0
BRDA:34,2,0,0
BRDA:34,2,1,0
BRDA:69,3,0,0
BRDA:69,3,1,0
BRDA:75,4,0,0
BRDA:75,4,1,0
BRF:9
BRH:0
end_of_record
TN:
SF:src\hooks\useColorScheme.ts
FNF:0
FNH:0
LF:0
LH:0
BRF:0
BRH:0
end_of_record
TN:
SF:src\hooks\useThemeColor.ts
FN:9,useThemeColor
FNF:1
FNH:0
FNDA:0,useThemeColor
DA:13,0
DA:14,0
DA:16,0
DA:17,0
DA:19,0
LF:5
LH:0
BRDA:13,0,0,0
BRDA:13,0,1,0
BRDA:16,1,0,0
BRDA:16,1,1,0
BRF:4
BRH:0
end_of_record
TN:
SF:src\navigation\AppNavigator.tsx
FN:63,(anonymous_0)
FN:82,(anonymous_1)
FN:85,(anonymous_2)
FN:97,(anonymous_3)
FN:120,(anonymous_4)
FN:209,(anonymous_5)
FN:212,(anonymous_6)
FN:225,(anonymous_7)
FN:228,(anonymous_8)
FN:241,(anonymous_9)
FN:270,(anonymous_10)
FN:303,(anonymous_11)
FN:310,(anonymous_12)
FN:324,(anonymous_13)
FN:339,(anonymous_14)
FN:345,(anonymous_15)
FN:647,(anonymous_16)
FNF:17
FNH:0
FNDA:0,(anonymous_0)
FNDA:0,(anonymous_1)
FNDA:0,(anonymous_2)
FNDA:0,(anonymous_3)
FNDA:0,(anonymous_4)
FNDA:0,(anonymous_5)
FNDA:0,(anonymous_6)
FNDA:0,(anonymous_7)
FNDA:0,(anonymous_8)
FNDA:0,(anonymous_9)
FNDA:0,(anonymous_10)
FNDA:0,(anonymous_11)
FNDA:0,(anonymous_12)
FNDA:0,(anonymous_13)
FNDA:0,(anonymous_14)
FNDA:0,(anonymous_15)
FNDA:0,(anonymous_16)
DA:59,0
DA:60,0
DA:61,0
DA:63,0
DA:64,0
DA:65,0
DA:67,0
DA:69,0
DA:83,0
DA:85,0
DA:86,0
DA:92,0
DA:93,0
DA:97,0
DA:98,0
DA:100,0
DA:102,0
DA:104,0
DA:106,0
DA:108,0
DA:110,0
DA:112,0
DA:114,0
DA:116,0
DA:120,0
DA:121,0
DA:123,0
DA:125,0
DA:127,0
DA:129,0
DA:131,0
DA:133,0
DA:135,0
DA:137,0
DA:139,0
DA:143,0
DA:209,0
DA:210,0
DA:212,0
DA:225,0
DA:226,0
DA:228,0
DA:241,0
DA:242,0
DA:243,0
DA:245,0
DA:246,0
DA:267,0
DA:270,0
DA:271,0
DA:284,0
DA:286,0
DA:297,0
DA:298,0
DA:299,0
DA:300,0
DA:303,0
DA:304,0
DA:305,0
DA:307,0
DA:308,0
DA:310,0
DA:311,0
DA:312,0
DA:320,0
DA:324,0
DA:325,0
DA:326,0
DA:328,0
DA:329,0
DA:331,0
DA:333,0
DA:335,0
DA:339,0
DA:340,0
DA:341,0
DA:345,0
DA:346,0
DA:347,0
DA:348,0
DA:349,0
DA:355,0
DA:356,0
DA:394,0
DA:395,0
DA:409,0
DA:410,0
DA:452,0
DA:648,0
DA:649,0
LF:90
LH:0
BRDA:74,0,0,0
BRDA:74,0,1,0
BRDA:75,1,0,0
BRDA:75,1,1,0
BRDA:92,2,0,0
BRDA:92,2,1,0
BRDA:92,3,0,0
BRDA:92,3,1,0
BRDA:98,4,0,0
BRDA:98,4,1,0
BRDA:98,4,2,0
BRDA:98,4,3,0
BRDA:98,4,4,0
BRDA:98,4,5,0
BRDA:98,4,6,0
BRDA:98,4,7,0
BRDA:98,4,8,0
BRDA:121,5,0,0
BRDA:121,5,1,0
BRDA:121,5,2,0
BRDA:121,5,3,0
BRDA:121,5,4,0
BRDA:121,5,5,0
BRDA:121,5,6,0
BRDA:121,5,7,0
BRDA:121,5,8,0
BRDA:155,6,0,0
BRDA:155,6,1,0
BRDA:181,7,0,0
BRDA:181,7,1,0
BRDA:194,8,0,0
BRDA:194,8,1,0
BRDA:195,9,0,0
BRDA:195,9,1,0
BRDA:196,10,0,0
BRDA:196,10,1,0
BRDA:197,11,0,0
BRDA:197,11,1,0
BRDA:245,12,0,0
BRDA:245,12,1,0
BRDA:297,13,0,0
BRDA:297,13,1,0
BRDA:298,14,0,0
BRDA:298,14,1,0
BRDA:298,14,2,0
BRDA:298,14,3,0
BRDA:304,15,0,0
BRDA:304,15,1,0
BRDA:304,16,0,0
BRDA:304,16,1,0
BRDA:304,16,2,0
BRDA:304,16,3,0
BRDA:307,17,0,0
BRDA:307,17,1,0
BRDA:320,18,0,0
BRDA:320,18,1,0
BRDA:320,18,2,0
BRDA:320,18,3,0
BRDA:320,18,4,0
BRDA:320,18,5,0
BRDA:320,18,6,0
BRDA:325,19,0,0
BRDA:325,19,1,0
BRDA:328,20,0,0
BRDA:328,20,1,0
BRDA:340,21,0,0
BRDA:340,21,1,0
BRDA:340,22,0,0
BRDA:340,22,1,0
BRDA:346,23,0,0
BRDA:346,23,1,0
BRDA:355,24,0,0
BRDA:355,24,1,0
BRDA:355,25,0,0
BRDA:355,25,1,0
BRDA:355,25,2,0
BRDA:355,25,3,0
BRDA:372,26,0,0
BRDA:372,26,1,0
BRDA:394,27,0,0
BRDA:394,27,1,0
BRDA:394,28,0,0
BRDA:394,28,1,0
BRDA:394,28,2,0
BRDA:394,28,3,0
BRDA:394,28,4,0
BRDA:409,29,0,0
BRDA:409,29,1,0
BRDA:432,30,0,0
BRDA:432,30,1,0
BRDA:432,30,2,0
BRDA:456,31,0,0
BRDA:456,31,1,0
BRDA:456,32,0,0
BRDA:456,32,1,0
BRDA:457,33,0,0
BRDA:457,33,1,0
BRDA:457,34,0,0
BRDA:457,34,1,0
BRDA:635,35,0,0
BRDA:635,35,1,0
BRDA:635,35,2,0
BRDA:635,35,3,0
BRDA:635,35,4,0
BRDA:635,35,5,0
BRDA:655,36,0,0
BRDA:655,36,1,0
BRDA:655,36,2,0
BRF:108
BRH:0
end_of_record
TN:
SF:src\navigation\AuthNavigator.tsx
FN:4,(anonymous_0)
FNF:1
FNH:0
FNDA:0,(anonymous_0)
DA:4,0
DA:5,0
DA:10,0
LF:3
LH:0
BRF:0
BRH:0
end_of_record
TN:
SF:src\screens\MainScreen.tsx
FN:9,(anonymous_0)
FN:12,(anonymous_1)
FN:29,(anonymous_2)
FN:30,(anonymous_3)
FNF:4
FNH:0
FNDA:0,(anonymous_0)
FNDA:0,(anonymous_1)
FNDA:0,(anonymous_2)
FNDA:0,(anonymous_3)
DA:9,0
DA:10,0
DA:12,0
DA:13,0
DA:15,0
DA:17,0
DA:19,0
DA:21,0
DA:25,0
DA:30,0
DA:40,0
LF:11
LH:0
BRDA:13,0,0,0
BRDA:13,0,1,0
BRDA:13,0,2,0
BRDA:13,0,3,0
BRDA:31,1,0,0
BRDA:31,1,1,0
BRDA:32,2,0,0
BRDA:32,2,1,0
BRF:8
BRH:0
end_of_record
TN:
SF:src\screens\admin\AdminCategoriesScreen.tsx
FN:22,AdminCategoriesScreen
FN:39,(anonymous_1)
FN:46,(anonymous_2)
FN:53,(anonymous_3)
FN:58,(anonymous_4)
FN:65,(anonymous_5)
FN:70,(anonymous_6)
FN:76,(anonymous_7)
FN:82,(anonymous_8)
FN:92,(anonymous_9)
FN:97,(anonymous_10)
FN:114,(anonymous_11)
FN:119,(anonymous_12)
FN:133,(anonymous_13)
FN:139,(anonymous_14)
FN:153,(anonymous_15)
FN:199,(anonymous_16)
FN:201,(anonymous_17)
FN:209,(anonymous_18)
FN:221,(anonymous_19)
FN:226,(anonymous_20)
FN:251,(anonymous_21)
FN:265,(anonymous_22)
FN:279,(anonymous_23)
FNF:24
FNH:0
FNDA:0,AdminCategoriesScreen
FNDA:0,(anonymous_1)
FNDA:0,(anonymous_2)
FNDA:0,(anonymous_3)
FNDA:0,(anonymous_4)
FNDA:0,(anonymous_5)
FNDA:0,(anonymous_6)
FNDA:0,(anonymous_7)
FNDA:0,(anonymous_8)
FNDA:0,(anonymous_9)
FNDA:0,(anonymous_10)
FNDA:0,(anonymous_11)
FNDA:0,(anonymous_12)
FNDA:0,(anonymous_13)
FNDA:0,(anonymous_14)
FNDA:0,(anonymous_15)
FNDA:0,(anonymous_16)
FNDA:0,(anonymous_17)
FNDA:0,(anonymous_18)
FNDA:0,(anonymous_19)
FNDA:0,(anonymous_20)
FNDA:0,(anonymous_21)
FNDA:0,(anonymous_22)
FNDA:0,(anonymous_23)
DA:23,0
DA:24,0
DA:25,0
DA:26,0
DA:28,0
DA:29,0
DA:30,0
DA:32,0
DA:33,0
DA:34,0
DA:36,0
DA:37,0
DA:39,0
DA:40,0
DA:41,0
DA:42,0
DA:44,0
DA:45,0
DA:46,0
DA:47,0
DA:48,0
DA:52,0
DA:54,0
DA:55,0
DA:56,0
DA:59,0
DA:60,0
DA:64,0
DA:66,0
DA:67,0
DA:68,0
DA:71,0
DA:72,0
DA:76,0
DA:77,0
DA:78,0
DA:82,0
DA:83,0
DA:84,0
DA:85,0
DA:86,0
DA:87,0
DA:89,0
DA:92,0
DA:93,0
DA:94,0
DA:97,0
DA:98,0
DA:99,0
DA:100,0
DA:102,0
DA:103,0
DA:104,0
DA:105,0
DA:106,0
DA:108,0
DA:110,0
DA:114,0
DA:115,0
DA:116,0
DA:119,0
DA:120,0
DA:121,0
DA:122,0
DA:123,0
DA:124,0
DA:125,0
DA:127,0
DA:129,0
DA:133,0
DA:134,0
DA:140,0
DA:141,0
DA:142,0
DA:144,0
DA:146,0
DA:153,0
DA:154,0
DA:157,0
DA:199,0
DA:202,0
DA:203,0
DA:204,0
DA:209,0
DA:221,0
DA:226,0
DA:252,0
DA:253,0
DA:265,0
DA:279,0
DA:301,0
LF:91
LH:0
BRDA:40,0,0,0
BRDA:40,0,1,0
BRDA:47,1,0,0
BRDA:47,1,1,0
BRDA:47,2,0,0
BRDA:47,2,1,0
BRDA:85,3,0,0
BRDA:85,3,1,0
BRDA:86,4,0,0
BRDA:86,4,1,0
BRDA:87,5,0,0
BRDA:87,5,1,0
BRDA:98,6,0,0
BRDA:98,6,1,0
BRDA:108,7,0,0
BRDA:108,7,1,0
BRDA:120,8,0,0
BRDA:120,8,1,0
BRDA:127,9,0,0
BRDA:127,9,1,0
BRDA:144,10,0,0
BRDA:144,10,1,0
BRDA:163,11,0,0
BRDA:163,11,1,0
BRDA:167,12,0,0
BRDA:167,12,1,0
BRDA:168,13,0,0
BRDA:168,13,1,0
BRDA:175,14,0,0
BRDA:175,14,1,0
BRDA:179,15,0,0
BRDA:179,15,1,0
BRDA:183,16,0,0
BRDA:183,16,1,0
BRDA:202,17,0,0
BRDA:202,17,1,0
BRDA:221,18,0,0
BRDA:221,18,1,0
BRDA:224,19,0,0
BRDA:224,19,1,0
BRDA:233,20,0,0
BRDA:233,20,1,0
BRDA:243,21,0,0
BRDA:243,21,1,0
BRDA:285,22,0,0
BRDA:285,22,1,0
BRDA:290,23,0,0
BRDA:290,23,1,0
BRF:48
BRH:0
end_of_record
TN:
SF:src\screens\admin\AdminDashboardScreen.tsx
FN:18,AdminDashboardScreen
FN:29,(anonymous_1)
FN:35,(anonymous_2)
FN:39,(anonymous_3)
FN:44,(anonymous_4)
FN:52,(anonymous_5)
FN:59,(anonymous_6)
FN:64,(anonymous_7)
FN:71,(anonymous_8)
FN:76,(anonymous_9)
FN:83,(anonymous_10)
FN:86,(anonymous_11)
FN:91,(anonymous_12)
FN:99,(anonymous_13)
FN:108,(anonymous_14)
FN:113,(anonymous_15)
FN:119,(anonymous_16)
FN:125,(anonymous_17)
FN:131,(anonymous_18)
FN:138,(anonymous_19)
FN:144,(anonymous_20)
FN:170,(anonymous_21)
FN:194,(anonymous_22)
FN:198,(anonymous_23)
FN:223,(anonymous_24)
FN:265,(anonymous_25)
FN:278,(anonymous_26)
FN:310,(anonymous_27)
FN:323,(anonymous_28)
FNF:29
FNH:0
FNDA:0,AdminDashboardScreen
FNDA:0,(anonymous_1)
FNDA:0,(anonymous_2)
FNDA:0,(anonymous_3)
FNDA:0,(anonymous_4)
FNDA:0,(anonymous_5)
FNDA:0,(anonymous_6)
FNDA:0,(anonymous_7)
FNDA:0,(anonymous_8)
FNDA:0,(anonymous_9)
FNDA:0,(anonymous_10)
FNDA:0,(anonymous_11)
FNDA:0,(anonymous_12)
FNDA:0,(anonymous_13)
FNDA:0,(anonymous_14)
FNDA:0,(anonymous_15)
FNDA:0,(anonymous_16)
FNDA:0,(anonymous_17)
FNDA:0,(anonymous_18)
FNDA:0,(anonymous_19)
FNDA:0,(anonymous_20)
FNDA:0,(anonymous_21)
FNDA:0,(anonymous_22)
FNDA:0,(anonymous_23)
FNDA:0,(anonymous_24)
FNDA:0,(anonymous_25)
FNDA:0,(anonymous_26)
FNDA:0,(anonymous_27)
FNDA:0,(anonymous_28)
DA:19,0
DA:20,0
DA:21,0
DA:22,0
DA:23,0
DA:24,0
DA:25,0
DA:26,0
DA:27,0
DA:29,0
DA:30,0
DA:31,0
DA:32,0
DA:34,0
DA:36,0
DA:37,0
DA:39,0
DA:41,0
DA:44,0
DA:45,0
DA:46,0
DA:47,0
DA:50,0
DA:51,0
DA:52,0
DA:53,0
DA:54,0
DA:58,0
DA:60,0
DA:61,0
DA:62,0
DA:65,0
DA:66,0
DA:70,0
DA:72,0
DA:73,0
DA:74,0
DA:77,0
DA:78,0
DA:82,0
DA:84,0
DA:91,0
DA:92,0
DA:93,0
DA:94,0
DA:98,0
DA:99,0
DA:107,0
DA:108,0
DA:113,0
DA:119,0
DA:125,0
DA:131,0
DA:138,0
DA:144,0
DA:145,0
DA:147,0
DA:149,0
DA:151,0
DA:154,0
DA:158,0
DA:170,0
DA:195,0
DA:199,0
DA:200,0
DA:201,0
DA:202,0
DA:224,0
DA:265,0
DA:279,0
DA:310,0
DA:324,0
DA:351,0
LF:73
LH:0
BRDA:30,0,0,0
BRDA:30,0,1,0
BRDA:45,1,0,0
BRDA:45,1,1,0
BRDA:53,2,0,0
BRDA:53,2,1,0
BRDA:53,3,0,0
BRDA:53,3,1,0
BRDA:129,4,0,0
BRDA:129,4,1,0
BRDA:129,5,0,0
BRDA:129,5,1,0
BRDA:132,6,0,0
BRDA:132,6,1,0
BRDA:145,7,0,0
BRDA:145,7,1,0
BRDA:145,7,2,0
BRDA:145,7,3,0
BRDA:145,7,4,0
BRDA:177,8,0,0
BRDA:177,8,1,0
BRDA:184,9,0,0
BRDA:184,9,1,0
BRDA:199,10,0,0
BRDA:199,10,1,0
BRDA:200,11,0,0
BRDA:200,11,1,0
BRDA:202,12,0,0
BRDA:202,12,1,0
BRDA:232,13,0,0
BRDA:232,13,1,0
BRDA:232,13,2,0
BRDA:234,14,0,0
BRDA:234,14,1,0
BRDA:255,15,0,0
BRDA:255,15,1,0
BRDA:273,16,0,0
BRDA:273,16,1,0
BRDA:318,17,0,0
BRDA:318,17,1,0
BRDA:327,18,0,0
BRDA:327,18,1,0
BRDA:330,19,0,0
BRDA:330,19,1,0
BRDA:335,20,0,0
BRDA:335,20,1,0
BRF:46
BRH:0
end_of_record
TN:
SF:src\screens\admin\AdminInquiriesScreen.tsx
FN:26,AdminInquiriesScreen
FN:38,(anonymous_1)
FN:50,(anonymous_2)
FN:56,(anonymous_3)
FN:60,(anonymous_4)
FN:66,(anonymous_5)
FN:68,(anonymous_6)
FN:84,(anonymous_7)
FN:86,(anonymous_8)
FN:94,(anonymous_9)
FN:123,(anonymous_10)
FN:138,(anonymous_11)
FN:152,(anonymous_12)
FN:160,(anonymous_13)
FN:162,(anonymous_14)
FN:165,(anonymous_15)
FN:178,(anonymous_16)
FN:198,(anonymous_17)
FN:306,(anonymous_18)
FN:350,(anonymous_19)
FN:353,(anonymous_20)
FN:391,(anonymous_21)
FN:416,(anonymous_22)
FN:438,(anonymous_23)
FN:460,(anonymous_24)
FN:462,(anonymous_25)
FNF:26
FNH:0
FNDA:0,AdminInquiriesScreen
FNDA:0,(anonymous_1)
FNDA:0,(anonymous_2)
FNDA:0,(anonymous_3)
FNDA:0,(anonymous_4)
FNDA:0,(anonymous_5)
FNDA:0,(anonymous_6)
FNDA:0,(anonymous_7)
FNDA:0,(anonymous_8)
FNDA:0,(anonymous_9)
FNDA:0,(anonymous_10)
FNDA:0,(anonymous_11)
FNDA:0,(anonymous_12)
FNDA:0,(anonymous_13)
FNDA:0,(anonymous_14)
FNDA:0,(anonymous_15)
FNDA:0,(anonymous_16)
FNDA:0,(anonymous_17)
FNDA:0,(anonymous_18)
FNDA:0,(anonymous_19)
FNDA:0,(anonymous_20)
FNDA:0,(anonymous_21)
FNDA:0,(anonymous_22)
FNDA:0,(anonymous_23)
FNDA:0,(anonymous_24)
FNDA:0,(anonymous_25)
DA:27,0
DA:28,0
DA:29,0
DA:30,0
DA:31,0
DA:32,0
DA:33,0
DA:34,0
DA:35,0
DA:36,0
DA:38,0
DA:39,0
DA:41,0
DA:42,0
DA:43,0
DA:45,0
DA:50,0
DA:51,0
DA:52,0
DA:53,0
DA:55,0
DA:57,0
DA:58,0
DA:60,0
DA:62,0
DA:66,0
DA:67,0
DA:68,0
DA:69,0
DA:71,0
DA:73,0
DA:75,0
DA:76,0
DA:84,0
DA:85,0
DA:86,0
DA:87,0
DA:88,0
DA:94,0
DA:95,0
DA:96,0
DA:98,0
DA:99,0
DA:100,0
DA:107,0
DA:112,0
DA:116,0
DA:118,0
DA:119,0
DA:123,0
DA:124,0
DA:126,0
DA:128,0
DA:130,0
DA:132,0
DA:134,0
DA:138,0
DA:139,0
DA:140,0
DA:142,0
DA:143,0
DA:152,0
DA:153,0
DA:156,0
DA:158,0
DA:160,0
DA:162,0
DA:163,0
DA:165,0
DA:169,0
DA:178,0
DA:179,0
DA:182,0
DA:185,0
DA:189,0
DA:190,0
DA:191,0
DA:199,0
DA:201,0
DA:204,0
DA:307,0
DA:308,0
DA:351,0
DA:353,0
DA:385,0
DA:391,0
DA:416,0
DA:438,0
DA:461,0
DA:462,0
DA:515,0
LF:91
LH:0
BRDA:41,0,0,0
BRDA:41,0,1,0
BRDA:51,1,0,0
BRDA:51,1,1,0
BRDA:67,2,0,0
BRDA:67,2,1,0
BRDA:67,3,0,0
BRDA:67,3,1,0
BRDA:69,4,0,0
BRDA:69,4,1,0
BRDA:73,5,0,0
BRDA:73,5,1,0
BRDA:74,6,0,0
BRDA:74,6,1,0
BRDA:75,7,0,0
BRDA:75,7,1,0
BRDA:75,8,0,0
BRDA:75,8,1,0
BRDA:85,9,0,0
BRDA:85,9,1,0
BRDA:85,10,0,0
BRDA:85,10,1,0
BRDA:85,10,2,0
BRDA:87,11,0,0
BRDA:87,11,1,0
BRDA:98,12,0,0
BRDA:98,12,1,0
BRDA:98,13,0,0
BRDA:98,13,1,0
BRDA:99,14,0,0
BRDA:99,14,1,0
BRDA:119,15,0,0
BRDA:119,15,1,0
BRDA:124,16,0,0
BRDA:124,16,1,0
BRDA:124,16,2,0
BRDA:124,16,3,0
BRDA:124,16,4,0
BRDA:139,17,0,0
BRDA:139,17,1,0
BRDA:142,18,0,0
BRDA:142,18,1,0
BRDA:153,19,0,0
BRDA:153,19,1,0
BRDA:158,20,0,0
BRDA:158,20,1,0
BRDA:160,21,0,0
BRDA:160,21,1,0
BRDA:169,22,0,0
BRDA:169,22,1,0
BRDA:169,23,0,0
BRDA:169,23,1,0
BRDA:179,24,0,0
BRDA:179,24,1,0
BRDA:181,25,0,0
BRDA:181,25,1,0
BRDA:182,26,0,0
BRDA:182,26,1,0
BRDA:184,27,0,0
BRDA:184,27,1,0
BRDA:189,28,0,0
BRDA:189,28,1,0
BRDA:199,29,0,0
BRDA:199,29,1,0
BRDA:229,30,0,0
BRDA:229,30,1,0
BRDA:265,31,0,0
BRDA:265,31,1,0
BRDA:301,32,0,0
BRDA:301,32,1,0
BRDA:324,33,0,0
BRDA:324,33,1,0
BRDA:359,34,0,0
BRDA:359,34,1,0
BRDA:370,35,0,0
BRDA:370,35,1,0
BRDA:398,36,0,0
BRDA:398,36,1,0
BRDA:402,37,0,0
BRDA:402,37,1,0
BRDA:406,38,0,0
BRDA:406,38,1,0
BRDA:436,39,0,0
BRDA:436,39,1,0
BRDA:445,40,0,0
BRDA:445,40,1,0
BRDA:447,41,0,0
BRDA:447,41,1,0
BRDA:468,42,0,0
BRDA:468,42,1,0
BRDA:469,43,0,0
BRDA:469,43,1,0
BRDA:478,44,0,0
BRDA:478,44,1,0
BRF:94
BRH:0
end_of_record
TN:
SF:src\screens\admin\AdminOrderDetailScreen.tsx
FN:37,(anonymous_0)
FN:54,(anonymous_1)
FN:73,(anonymous_2)
FN:78,(anonymous_3)
FN:87,(anonymous_4)
FN:108,(anonymous_5)
FN:116,(anonymous_6)
FN:122,(anonymous_7)
FN:137,(anonymous_8)
FN:152,(anonymous_9)
FN:173,(anonymous_10)
FN:182,(anonymous_11)
FN:221,(anonymous_12)
FN:234,(anonymous_13)
FN:276,(anonymous_14)
FN:284,(anonymous_15)
FN:332,(anonymous_16)
FN:343,(anonymous_17)
FN:367,(anonymous_18)
FN:510,(anonymous_19)
FN:522,(anonymous_20)
FN:545,(anonymous_21)
FN:622,(anonymous_22)
FN:629,(anonymous_23)
FN:636,(anonymous_24)
FN:666,(anonymous_25)
FNF:26
FNH:0
FNDA:0,(anonymous_0)
FNDA:0,(anonymous_1)
FNDA:0,(anonymous_2)
FNDA:0,(anonymous_3)
FNDA:0,(anonymous_4)
FNDA:0,(anonymous_5)
FNDA:0,(anonymous_6)
FNDA:0,(anonymous_7)
FNDA:0,(anonymous_8)
FNDA:0,(anonymous_9)
FNDA:0,(anonymous_10)
FNDA:0,(anonymous_11)
FNDA:0,(anonymous_12)
FNDA:0,(anonymous_13)
FNDA:0,(anonymous_14)
FNDA:0,(anonymous_15)
FNDA:0,(anonymous_16)
FNDA:0,(anonymous_17)
FNDA:0,(anonymous_18)
FNDA:0,(anonymous_19)
FNDA:0,(anonymous_20)
FNDA:0,(anonymous_21)
FNDA:0,(anonymous_22)
FNDA:0,(anonymous_23)
FNDA:0,(anonymous_24)
FNDA:0,(anonymous_25)
DA:37,0
DA:38,0
DA:39,0
DA:40,0
DA:41,0
DA:42,0
DA:43,0
DA:45,0
DA:46,0
DA:47,0
DA:48,0
DA:49,0
DA:50,0
DA:51,0
DA:52,0
DA:54,0
DA:55,0
DA:56,0
DA:57,0
DA:58,0
DA:61,0
DA:62,0
DA:63,0
DA:64,0
DA:67,0
DA:68,0
DA:69,0
DA:72,0
DA:74,0
DA:75,0
DA:79,0
DA:84,0
DA:88,0
DA:89,0
DA:91,0
DA:92,0
DA:94,0
DA:95,0
DA:96,0
DA:98,0
DA:102,0
DA:103,0
DA:105,0
DA:109,0
DA:110,0
DA:111,0
DA:116,0
DA:117,0
DA:118,0
DA:122,0
DA:123,0
DA:125,0
DA:127,0
DA:129,0
DA:131,0
DA:133,0
DA:137,0
DA:138,0
DA:139,0
DA:140,0
DA:141,0
DA:143,0
DA:144,0
DA:146,0
DA:148,0
DA:152,0
DA:153,0
DA:154,0
DA:156,0
DA:157,0
DA:158,0
DA:159,0
DA:161,0
DA:163,0
DA:169,0
DA:173,0
DA:174,0
DA:175,0
DA:178,0
DA:183,0
DA:184,0
DA:185,0
DA:188,0
DA:189,0
DA:198,0
DA:206,0
DA:211,0
DA:212,0
DA:214,0
DA:221,0
DA:222,0
DA:223,0
DA:226,0
DA:235,0
DA:236,0
DA:237,0
DA:240,0
DA:241,0
DA:250,0
DA:259,0
DA:262,0
DA:265,0
DA:266,0
DA:268,0
DA:276,0
DA:277,0
DA:278,0
DA:280,0
DA:281,0
DA:284,0
DA:285,0
DA:287,0
DA:288,0
DA:289,0
DA:290,0
DA:292,0
DA:293,0
DA:295,0
DA:297,0
DA:301,0
DA:302,0
DA:320,0
DA:321,0
DA:332,0
DA:343,0
DA:352,0
DA:353,0
DA:355,0
DA:367,0
DA:511,0
DA:522,0
DA:546,0
DA:622,0
DA:629,0
DA:636,0
DA:667,0
DA:668,0
DA:698,0
LF:138
LH:0
BRDA:43,0,0,0
BRDA:43,0,1,0
BRDA:55,1,0,0
BRDA:55,1,1,0
BRDA:61,2,0,0
BRDA:61,2,1,0
BRDA:61,3,0,0
BRDA:61,3,1,0
BRDA:74,4,0,0
BRDA:74,4,1,0
BRDA:88,5,0,0
BRDA:88,5,1,0
BRDA:89,6,0,0
BRDA:89,6,1,0
BRDA:94,7,0,0
BRDA:94,7,1,0
BRDA:109,8,0,0
BRDA:109,8,1,0
BRDA:110,9,0,0
BRDA:110,9,1,0
BRDA:123,10,0,0
BRDA:123,10,1,0
BRDA:123,10,2,0
BRDA:123,10,3,0
BRDA:123,10,4,0
BRDA:138,11,0,0
BRDA:138,11,1,0
BRDA:140,12,0,0
BRDA:140,12,1,0
BRDA:143,13,0,0
BRDA:143,13,1,0
BRDA:153,14,0,0
BRDA:153,14,1,0
BRDA:156,15,0,0
BRDA:156,15,1,0
BRDA:158,16,0,0
BRDA:158,16,1,0
BRDA:174,17,0,0
BRDA:174,17,1,0
BRDA:174,18,0,0
BRDA:174,18,1,0
BRDA:174,18,2,0
BRDA:188,19,0,0
BRDA:188,19,1,0
BRDA:212,20,0,0
BRDA:212,20,1,0
BRDA:222,21,0,0
BRDA:222,21,1,0
BRDA:222,22,0,0
BRDA:222,22,1,0
BRDA:222,22,2,0
BRDA:240,23,0,0
BRDA:240,23,1,0
BRDA:266,24,0,0
BRDA:266,24,1,0
BRDA:277,25,0,0
BRDA:277,25,1,0
BRDA:277,26,0,0
BRDA:277,26,1,0
BRDA:277,26,2,0
BRDA:285,27,0,0
BRDA:285,27,1,0
BRDA:285,28,0,0
BRDA:285,28,1,0
BRDA:285,28,2,0
BRDA:290,29,0,0
BRDA:290,29,1,0
BRDA:295,30,0,0
BRDA:295,30,1,0
BRDA:301,31,0,0
BRDA:301,31,1,0
BRDA:308,32,0,0
BRDA:308,32,1,0
BRDA:320,33,0,0
BRDA:320,33,1,0
BRDA:320,34,0,0
BRDA:320,34,1,0
BRDA:327,35,0,0
BRDA:327,35,1,0
BRDA:339,36,0,0
BRDA:339,36,1,0
BRDA:353,37,0,0
BRDA:353,37,1,0
BRDA:361,38,0,0
BRDA:361,38,1,0
BRDA:376,39,0,0
BRDA:376,39,1,0
BRDA:385,40,0,0
BRDA:385,40,1,0
BRDA:388,41,0,0
BRDA:388,41,1,0
BRDA:401,42,0,0
BRDA:401,42,1,0
BRDA:427,43,0,0
BRDA:427,43,1,0
BRDA:430,44,0,0
BRDA:430,44,1,0
BRDA:432,45,0,0
BRDA:432,45,1,0
BRDA:447,46,0,0
BRDA:447,46,1,0
BRDA:447,46,2,0
BRDA:463,47,0,0
BRDA:463,47,1,0
BRDA:468,48,0,0
BRDA:468,48,1,0
BRDA:477,49,0,0
BRDA:477,49,1,0
BRDA:479,50,0,0
BRDA:479,50,1,0
BRDA:491,51,0,0
BRDA:491,51,1,0
BRDA:493,52,0,0
BRDA:493,52,1,0
BRDA:517,53,0,0
BRDA:517,53,1,0
BRDA:519,54,0,0
BRDA:519,54,1,0
BRDA:523,55,0,0
BRDA:523,55,1,0
BRDA:529,56,0,0
BRDA:529,56,1,0
BRDA:543,57,0,0
BRDA:543,57,1,0
BRDA:547,58,0,0
BRDA:547,58,1,0
BRDA:551,59,0,0
BRDA:551,59,1,0
BRDA:598,60,0,0
BRDA:598,60,1,0
BRDA:604,61,0,0
BRDA:604,61,1,0
BRDA:610,62,0,0
BRDA:610,62,1,0
BRDA:627,63,0,0
BRDA:627,63,1,0
BRDA:684,64,0,0
BRDA:684,64,1,0
BRF:138
BRH:0
end_of_record
TN:
SF:src\screens\admin\AdminOrdersScreen.tsx
FN:20,AdminOrdersScreen
FN:33,(anonymous_1)
FN:42,(anonymous_2)
FN:48,(anonymous_3)
FN:57,(anonymous_4)
FN:67,(anonymous_5)
FN:70,(anonymous_6)
FN:78,(anonymous_7)
FN:93,(anonymous_8)
FN:94,(anonymous_9)
FN:100,(anonymous_10)
FN:115,(anonymous_11)
FN:131,(anonymous_12)
FN:168,(anonymous_13)
FN:183,(anonymous_14)
FN:209,(anonymous_15)
FN:262,(anonymous_16)
FNF:17
FNH:0
FNDA:0,AdminOrdersScreen
FNDA:0,(anonymous_1)
FNDA:0,(anonymous_2)
FNDA:0,(anonymous_3)
FNDA:0,(anonymous_4)
FNDA:0,(anonymous_5)
FNDA:0,(anonymous_6)
FNDA:0,(anonymous_7)
FNDA:0,(anonymous_8)
FNDA:0,(anonymous_9)
FNDA:0,(anonymous_10)
FNDA:0,(anonymous_11)
FNDA:0,(anonymous_12)
FNDA:0,(anonymous_13)
FNDA:0,(anonymous_14)
FNDA:0,(anonymous_15)
FNDA:0,(anonymous_16)
DA:21,0
DA:22,0
DA:23,0
DA:24,0
DA:25,0
DA:26,0
DA:33,0
DA:34,0
DA:35,0
DA:36,0
DA:41,0
DA:45,0
DA:46,0
DA:49,0
DA:50,0
DA:54,0
DA:57,0
DA:58,0
DA:59,0
DA:67,0
DA:71,0
DA:72,0
DA:78,0
DA:79,0
DA:81,0
DA:83,0
DA:85,0
DA:87,0
DA:89,0
DA:93,0
DA:94,0
DA:100,0
DA:101,0
DA:102,0
DA:103,0
DA:104,0
DA:106,0
DA:107,0
DA:109,0
DA:111,0
DA:115,0
DA:116,0
DA:118,0
DA:119,0
DA:120,0
DA:131,0
DA:168,0
DA:169,0
DA:170,0
DA:172,0
DA:183,0
DA:210,0
DA:228,0
DA:262,0
DA:269,0
LF:55
LH:0
BRDA:34,0,0,0
BRDA:34,0,1,0
BRDA:71,1,0,0
BRDA:71,1,1,0
BRDA:79,2,0,0
BRDA:79,2,1,0
BRDA:79,2,2,0
BRDA:79,2,3,0
BRDA:79,2,4,0
BRDA:101,3,0,0
BRDA:101,3,1,0
BRDA:103,4,0,0
BRDA:103,4,1,0
BRDA:106,5,0,0
BRDA:106,5,1,0
BRDA:118,6,0,0
BRDA:118,6,1,0
BRDA:127,7,0,0
BRDA:127,7,1,0
BRDA:139,8,0,0
BRDA:139,8,1,0
BRDA:180,9,0,0
BRDA:180,9,1,0
BRDA:190,10,0,0
BRDA:190,10,1,0
BRDA:198,11,0,0
BRDA:198,11,1,0
BRDA:200,12,0,0
BRDA:200,12,1,0
BRDA:207,13,0,0
BRDA:207,13,1,0
BRDA:207,13,2,0
BRDA:217,14,0,0
BRDA:217,14,1,0
BRDA:233,15,0,0
BRDA:233,15,1,0
BRDA:233,15,2,0
BRDA:235,16,0,0
BRDA:235,16,1,0
BRDA:241,17,0,0
BRDA:241,17,1,0
BRDA:245,18,0,0
BRDA:245,18,1,0
BRDA:249,19,0,0
BRDA:249,19,1,0
BRF:45
BRH:0
end_of_record
TN:
SF:src\screens\admin\AdminProductEditScreen.tsx
FN:32,AdminProductEditScreen
FN:68,(anonymous_1)
FN:73,(anonymous_2)
FN:74,(anonymous_3)
FN:79,(anonymous_4)
FN:87,(anonymous_5)
FN:124,(anonymous_6)
FN:129,(anonymous_7)
FN:130,(anonymous_8)
FN:131,(anonymous_9)
FN:132,(anonymous_10)
FN:134,(anonymous_11)
FN:135,(anonymous_12)
FN:139,(anonymous_13)
FN:149,(anonymous_14)
FN:166,(anonymous_15)
FN:189,(anonymous_16)
FN:190,(anonymous_17)
FN:194,(anonymous_18)
FN:195,(anonymous_19)
FN:199,(anonymous_20)
FN:219,(anonymous_21)
FN:232,(anonymous_22)
FN:322,(anonymous_23)
FN:335,(anonymous_24)
FN:361,(anonymous_25)
FN:405,(anonymous_26)
FN:419,(anonymous_27)
FN:500,(anonymous_28)
FN:505,(anonymous_29)
FN:522,(anonymous_30)
FN:527,(anonymous_31)
FN:595,(anonymous_32)
FN:618,(anonymous_33)
FN:698,(anonymous_34)
FN:730,(anonymous_35)
FN:762,(anonymous_36)
FN:808,(anonymous_37)
FN:820,(anonymous_38)
FN:834,(anonymous_39)
FN:846,(anonymous_40)
FN:852,(anonymous_41)
FNF:42
FNH:0
FNDA:0,AdminProductEditScreen
FNDA:0,(anonymous_1)
FNDA:0,(anonymous_2)
FNDA:0,(anonymous_3)
FNDA:0,(anonymous_4)
FNDA:0,(anonymous_5)
FNDA:0,(anonymous_6)
FNDA:0,(anonymous_7)
FNDA:0,(anonymous_8)
FNDA:0,(anonymous_9)
FNDA:0,(anonymous_10)
FNDA:0,(anonymous_11)
FNDA:0,(anonymous_12)
FNDA:0,(anonymous_13)
FNDA:0,(anonymous_14)
FNDA:0,(anonymous_15)
FNDA:0,(anonymous_16)
FNDA:0,(anonymous_17)
FNDA:0,(anonymous_18)
FNDA:0,(anonymous_19)
FNDA:0,(anonymous_20)
FNDA:0,(anonymous_21)
FNDA:0,(anonymous_22)
FNDA:0,(anonymous_23)
FNDA:0,(anonymous_24)
FNDA:0,(anonymous_25)
FNDA:0,(anonymous_26)
FNDA:0,(anonymous_27)
FNDA:0,(anonymous_28)
FNDA:0,(anonymous_29)
FNDA:0,(anonymous_30)
FNDA:0,(anonymous_31)
FNDA:0,(anonymous_32)
FNDA:0,(anonymous_33)
FNDA:0,(anonymous_34)
FNDA:0,(anonymous_35)
FNDA:0,(anonymous_36)
FNDA:0,(anonymous_37)
FNDA:0,(anonymous_38)
FNDA:0,(anonymous_39)
FNDA:0,(anonymous_40)
FNDA:0,(anonymous_41)
DA:33,0
DA:34,0
DA:35,0
DA:36,0
DA:37,0
DA:38,0
DA:40,0
DA:41,0
DA:42,0
DA:44,0
DA:45,0
DA:46,0
DA:47,0
DA:48,0
DA:49,0
DA:50,0
DA:51,0
DA:52,0
DA:53,0
DA:54,0
DA:57,0
DA:58,0
DA:61,0
DA:62,0
DA:64,0
DA:65,0
DA:66,0
DA:68,0
DA:69,0
DA:70,0
DA:72,0
DA:73,0
DA:74,0
DA:76,0
DA:79,0
DA:80,0
DA:81,0
DA:83,0
DA:84,0
DA:86,0
DA:87,0
DA:88,0
DA:89,0
DA:90,0
DA:91,0
DA:92,0
DA:94,0
DA:95,0
DA:96,0
DA:97,0
DA:98,0
DA:99,0
DA:100,0
DA:101,0
DA:102,0
DA:103,0
DA:104,0
DA:106,0
DA:107,0
DA:108,0
DA:109,0
DA:110,0
DA:111,0
DA:112,0
DA:113,0
DA:114,0
DA:118,0
DA:119,0
DA:123,0
DA:124,0
DA:125,0
DA:129,0
DA:130,0
DA:131,0
DA:132,0
DA:134,0
DA:135,0
DA:136,0
DA:139,0
DA:140,0
DA:141,0
DA:143,0
DA:144,0
DA:146,0
DA:149,0
DA:150,0
DA:151,0
DA:152,0
DA:153,0
DA:155,0
DA:156,0
DA:157,0
DA:160,0
DA:166,0
DA:172,0
DA:173,0
DA:174,0
DA:180,0
DA:182,0
DA:183,0
DA:185,0
DA:189,0
DA:190,0
DA:191,0
DA:194,0
DA:195,0
DA:196,0
DA:199,0
DA:200,0
DA:201,0
DA:205,0
DA:206,0
DA:207,0
DA:208,0
DA:210,0
DA:212,0
DA:213,0
DA:215,0
DA:219,0
DA:220,0
DA:221,0
DA:222,0
DA:224,0
DA:225,0
DA:226,0
DA:228,0
DA:229,0
DA:230,0
DA:232,0
DA:233,0
DA:234,0
DA:236,0
DA:237,0
DA:238,0
DA:240,0
DA:241,0
DA:242,0
DA:244,0
DA:245,0
DA:246,0
DA:248,0
DA:249,0
DA:250,0
DA:252,0
DA:253,0
DA:254,0
DA:257,0
DA:258,0
DA:259,0
DA:260,0
DA:262,0
DA:263,0
DA:264,0
DA:267,0
DA:268,0
DA:272,0
DA:275,0
DA:276,0
DA:278,0
DA:279,0
DA:280,0
DA:281,0
DA:284,0
DA:287,0
DA:289,0
DA:290,0
DA:291,0
DA:292,0
DA:295,0
DA:312,0
DA:313,0
DA:314,0
DA:316,0
DA:318,0
DA:322,0
DA:323,0
DA:324,0
DA:327,0
DA:336,0
DA:337,0
DA:338,0
DA:339,0
DA:340,0
DA:342,0
DA:344,0
DA:352,0
DA:361,0
DA:405,0
DA:419,0
DA:501,0
DA:505,0
DA:523,0
DA:527,0
DA:595,0
DA:618,0
DA:698,0
DA:730,0
DA:762,0
DA:808,0
DA:820,0
DA:835,0
DA:836,0
DA:847,0
DA:848,0
DA:853,0
DA:854,0
DA:883,0
LF:207
LH:0
BRDA:38,0,0,0
BRDA:38,0,1,0
BRDA:69,1,0,0
BRDA:69,1,1,0
BRDA:80,2,0,0
BRDA:80,2,1,0
BRDA:83,3,0,0
BRDA:83,3,1,0
BRDA:91,4,0,0
BRDA:91,4,1,0
BRDA:91,5,0,0
BRDA:91,5,1,0
BRDA:94,6,0,0
BRDA:94,6,1,0
BRDA:95,7,0,0
BRDA:95,7,1,0
BRDA:96,8,0,0
BRDA:96,8,1,0
BRDA:97,9,0,0
BRDA:97,9,1,0
BRDA:99,10,0,0
BRDA:99,10,1,0
BRDA:101,11,0,0
BRDA:101,11,1,0
BRDA:103,12,0,0
BRDA:103,12,1,0
BRDA:107,13,0,0
BRDA:107,13,1,0
BRDA:108,14,0,0
BRDA:108,14,1,0
BRDA:109,15,0,0
BRDA:109,15,1,0
BRDA:110,16,0,0
BRDA:110,16,1,0
BRDA:111,17,0,0
BRDA:111,17,1,0
BRDA:112,18,0,0
BRDA:112,18,1,0
BRDA:113,19,0,0
BRDA:113,19,1,0
BRDA:114,20,0,0
BRDA:114,20,1,0
BRDA:118,21,0,0
BRDA:118,21,1,0
BRDA:129,22,0,0
BRDA:129,22,1,0
BRDA:130,23,0,0
BRDA:130,23,1,0
BRDA:131,24,0,0
BRDA:131,24,1,0
BRDA:132,25,0,0
BRDA:132,25,1,0
BRDA:136,26,0,0
BRDA:136,26,1,0
BRDA:140,27,0,0
BRDA:140,27,1,0
BRDA:141,28,0,0
BRDA:141,28,1,0
BRDA:143,29,0,0
BRDA:143,29,1,0
BRDA:155,30,0,0
BRDA:155,30,1,0
BRDA:167,31,0,0
BRDA:167,31,1,0
BRDA:173,32,0,0
BRDA:173,32,1,0
BRDA:182,33,0,0
BRDA:182,33,1,0
BRDA:185,34,0,0
BRDA:185,34,1,0
BRDA:205,35,0,0
BRDA:205,35,1,0
BRDA:206,36,0,0
BRDA:206,36,1,0
BRDA:210,37,0,0
BRDA:210,37,1,0
BRDA:212,38,0,0
BRDA:212,38,1,0
BRDA:215,39,0,0
BRDA:215,39,1,0
BRDA:220,40,0,0
BRDA:220,40,1,0
BRDA:224,41,0,0
BRDA:224,41,1,0
BRDA:228,42,0,0
BRDA:228,42,1,0
BRDA:232,43,0,0
BRDA:232,43,1,0
BRDA:236,44,0,0
BRDA:236,44,1,0
BRDA:236,45,0,0
BRDA:236,45,1,0
BRDA:240,46,0,0
BRDA:240,46,1,0
BRDA:244,47,0,0
BRDA:244,47,1,0
BRDA:248,48,0,0
BRDA:248,48,1,0
BRDA:248,49,0,0
BRDA:248,49,1,0
BRDA:248,49,2,0
BRDA:252,50,0,0
BRDA:252,50,1,0
BRDA:252,51,0,0
BRDA:252,51,1,0
BRDA:252,51,2,0
BRDA:258,52,0,0
BRDA:258,52,1,0
BRDA:262,53,0,0
BRDA:262,53,1,0
BRDA:272,54,0,0
BRDA:272,54,1,0
BRDA:276,55,0,0
BRDA:276,55,1,0
BRDA:287,56,0,0
BRDA:287,56,1,0
BRDA:290,57,0,0
BRDA:290,57,1,0
BRDA:300,58,0,0
BRDA:300,58,1,0
BRDA:316,59,0,0
BRDA:316,59,1,0
BRDA:323,60,0,0
BRDA:323,60,1,0
BRDA:323,61,0,0
BRDA:323,61,1,0
BRDA:329,62,0,0
BRDA:329,62,1,0
BRDA:342,63,0,0
BRDA:342,63,1,0
BRDA:366,64,0,0
BRDA:366,64,1,0
BRDA:369,65,0,0
BRDA:369,65,1,0
BRDA:369,65,2,0
BRDA:380,66,0,0
BRDA:380,66,1,0
BRDA:384,67,0,0
BRDA:384,67,1,0
BRDA:409,68,0,0
BRDA:409,68,1,0
BRDA:485,69,0,0
BRDA:485,69,1,0
BRDA:494,70,0,0
BRDA:494,70,1,0
BRDA:516,71,0,0
BRDA:516,71,1,0
BRDA:538,72,0,0
BRDA:538,72,1,0
BRDA:538,72,2,0
BRDA:558,73,0,0
BRDA:558,73,1,0
BRDA:558,74,0,0
BRDA:558,74,1,0
BRDA:569,75,0,0
BRDA:569,75,1,0
BRDA:574,76,0,0
BRDA:574,76,1,0
BRDA:574,77,0,0
BRDA:574,77,1,0
BRDA:580,78,0,0
BRDA:580,78,1,0
BRDA:580,78,2,0
BRDA:603,79,0,0
BRDA:603,79,1,0
BRDA:694,80,0,0
BRDA:694,80,1,0
BRDA:695,81,0,0
BRDA:695,81,1,0
BRDA:706,82,0,0
BRDA:706,82,1,0
BRDA:726,83,0,0
BRDA:726,83,1,0
BRDA:727,84,0,0
BRDA:727,84,1,0
BRDA:738,85,0,0
BRDA:738,85,1,0
BRDA:758,86,0,0
BRDA:758,86,1,0
BRDA:759,87,0,0
BRDA:759,87,1,0
BRDA:770,88,0,0
BRDA:770,88,1,0
BRDA:793,89,0,0
BRDA:793,89,1,0
BRDA:798,90,0,0
BRDA:798,90,1,0
BRDA:827,91,0,0
BRDA:827,91,1,0
BRDA:860,92,0,0
BRDA:860,92,1,0
BRDA:870,93,0,0
BRDA:870,93,1,0
BRF:193
BRH:0
end_of_record
TN:
SF:src\screens\admin\AdminProductsScreen.tsx
FN:11,AdminProductsScreen
FN:21,(anonymous_1)
FN:27,(anonymous_2)
FN:31,(anonymous_3)
FN:36,(anonymous_4)
FN:54,(anonymous_5)
FN:79,(anonymous_6)
FN:88,(anonymous_7)
FN:90,(anonymous_8)
FN:93,(anonymous_9)
FNF:10
FNH:0
FNDA:0,AdminProductsScreen
FNDA:0,(anonymous_1)
FNDA:0,(anonymous_2)
FNDA:0,(anonymous_3)
FNDA:0,(anonymous_4)
FNDA:0,(anonymous_5)
FNDA:0,(anonymous_6)
FNDA:0,(anonymous_7)
FNDA:0,(anonymous_8)
FNDA:0,(anonymous_9)
DA:12,0
DA:13,0
DA:14,0
DA:15,0
DA:17,0
DA:18,0
DA:19,0
DA:21,0
DA:22,0
DA:23,0
DA:24,0
DA:26,0
DA:28,0
DA:29,0
DA:31,0
DA:33,0
DA:36,0
DA:38,0
DA:55,0
DA:79,0
DA:88,0
DA:91,0
DA:93,0
DA:113,0
LF:24
LH:0
BRDA:17,0,0,0
BRDA:17,0,1,0
BRDA:22,1,0,0
BRDA:22,1,1,0
BRDA:36,2,0,0
BRDA:36,2,1,0
BRDA:44,3,0,0
BRDA:44,3,1,0
BRDA:46,4,0,0
BRDA:46,4,1,0
BRDA:62,5,0,0
BRDA:62,5,1,0
BRDA:66,6,0,0
BRDA:66,6,1,0
BRDA:70,7,0,0
BRDA:70,7,1,0
BRDA:98,8,0,0
BRDA:98,8,1,0
BRDA:101,9,0,0
BRDA:101,9,1,0
BRF:20
BRH:0
end_of_record
TN:
SF:src\screens\admin\AdminUserDetailScreen.tsx
FN:27,AdminUserDetailScreen
FN:44,(anonymous_1)
FN:50,(anonymous_2)
FN:88,(anonymous_3)
FN:109,(anonymous_4)
FN:121,(anonymous_5)
FN:140,(anonymous_6)
FN:157,(anonymous_7)
FN:173,(anonymous_8)
FN:239,(anonymous_9)
FN:279,(anonymous_10)
FN:282,(anonymous_11)
FNF:12
FNH:0
FNDA:0,AdminUserDetailScreen
FNDA:0,(anonymous_1)
FNDA:0,(anonymous_2)
FNDA:0,(anonymous_3)
FNDA:0,(anonymous_4)
FNDA:0,(anonymous_5)
FNDA:0,(anonymous_6)
FNDA:0,(anonymous_7)
FNDA:0,(anonymous_8)
FNDA:0,(anonymous_9)
FNDA:0,(anonymous_10)
FNDA:0,(anonymous_11)
DA:28,0
DA:29,0
DA:30,0
DA:31,0
DA:32,0
DA:33,0
DA:35,0
DA:36,0
DA:37,0
DA:38,0
DA:39,0
DA:40,0
DA:41,0
DA:42,0
DA:44,0
DA:45,0
DA:46,0
DA:47,0
DA:50,0
DA:51,0
DA:52,0
DA:53,0
DA:54,0
DA:55,0
DA:59,0
DA:60,0
DA:61,0
DA:63,0
DA:65,0
DA:69,0
DA:70,0
DA:71,0
DA:73,0
DA:75,0
DA:78,0
DA:79,0
DA:81,0
DA:85,0
DA:88,0
DA:89,0
DA:90,0
DA:91,0
DA:94,0
DA:95,0
DA:96,0
DA:98,0
DA:99,0
DA:100,0
DA:102,0
DA:103,0
DA:105,0
DA:109,0
DA:110,0
DA:111,0
DA:112,0
DA:121,0
DA:122,0
DA:124,0
DA:126,0
DA:128,0
DA:130,0
DA:132,0
DA:136,0
DA:137,0
DA:140,0
DA:153,0
DA:154,0
DA:157,0
DA:170,0
DA:173,0
DA:240,0
DA:280,0
DA:282,0
DA:369,0
LF:74
LH:0
BRDA:45,0,0,0
BRDA:45,0,1,0
BRDA:45,1,0,0
BRDA:45,1,1,0
BRDA:54,2,0,0
BRDA:54,2,1,0
BRDA:55,3,0,0
BRDA:55,3,1,0
BRDA:89,4,0,0
BRDA:89,4,1,0
BRDA:89,5,0,0
BRDA:89,5,1,0
BRDA:103,6,0,0
BRDA:103,6,1,0
BRDA:110,7,0,0
BRDA:110,7,1,0
BRDA:111,8,0,0
BRDA:111,8,1,0
BRDA:122,9,0,0
BRDA:122,9,1,0
BRDA:122,9,2,0
BRDA:122,9,3,0
BRDA:122,9,4,0
BRDA:136,10,0,0
BRDA:136,10,1,0
BRDA:153,11,0,0
BRDA:153,11,1,0
BRDA:187,12,0,0
BRDA:187,12,1,0
BRDA:191,13,0,0
BRDA:191,13,1,0
BRDA:206,14,0,0
BRDA:206,14,1,0
BRDA:207,15,0,0
BRDA:207,15,1,0
BRDA:215,16,0,0
BRDA:215,16,1,0
BRDA:219,17,0,0
BRDA:219,17,1,0
BRDA:223,18,0,0
BRDA:223,18,1,0
BRDA:234,19,0,0
BRDA:234,19,1,0
BRDA:236,20,0,0
BRDA:236,20,1,0
BRDA:246,21,0,0
BRDA:246,21,1,0
BRDA:261,22,0,0
BRDA:261,22,1,0
BRDA:274,23,0,0
BRDA:274,23,1,0
BRDA:276,24,0,0
BRDA:276,24,1,0
BRDA:300,25,0,0
BRDA:300,25,1,0
BRDA:309,26,0,0
BRDA:309,26,1,0
BRDA:309,26,2,0
BRDA:343,27,0,0
BRDA:343,27,1,0
BRDA:343,28,0,0
BRDA:343,28,1,0
BRDA:348,29,0,0
BRDA:348,29,1,0
BRDA:348,30,0,0
BRDA:348,30,1,0
BRDA:348,31,0,0
BRDA:348,31,1,0
BRDA:354,32,0,0
BRDA:354,32,1,0
BRF:70
BRH:0
end_of_record
TN:
SF:src\screens\admin\AdminUsersScreen.tsx
FN:25,AdminUsersScreen
FN:38,(anonymous_1)
FN:44,(anonymous_2)
FN:48,(anonymous_3)
FN:53,(anonymous_4)
FN:56,(anonymous_5)
FN:57,(anonymous_6)
FN:62,(anonymous_7)
FN:87,(anonymous_8)
FN:93,(anonymous_9)
FN:112,(anonymous_10)
FN:203,(anonymous_11)
FN:230,(anonymous_12)
FN:250,(anonymous_13)
FN:252,(anonymous_14)
FNF:15
FNH:0
FNDA:0,AdminUsersScreen
FNDA:0,(anonymous_1)
FNDA:0,(anonymous_2)
FNDA:0,(anonymous_3)
FNDA:0,(anonymous_4)
FNDA:0,(anonymous_5)
FNDA:0,(anonymous_6)
FNDA:0,(anonymous_7)
FNDA:0,(anonymous_8)
FNDA:0,(anonymous_9)
FNDA:0,(anonymous_10)
FNDA:0,(anonymous_11)
FNDA:0,(anonymous_12)
FNDA:0,(anonymous_13)
FNDA:0,(anonymous_14)
DA:26,0
DA:27,0
DA:28,0
DA:29,0
DA:30,0
DA:31,0
DA:32,0
DA:33,0
DA:34,0
DA:35,0
DA:36,0
DA:38,0
DA:39,0
DA:40,0
DA:41,0
DA:43,0
DA:45,0
DA:46,0
DA:48,0
DA:50,0
DA:53,0
DA:54,0
DA:55,0
DA:56,0
DA:59,0
DA:62,0
DA:63,0
DA:64,0
DA:65,0
DA:67,0
DA:68,0
DA:69,0
DA:72,0
DA:73,0
DA:74,0
DA:75,0
DA:76,0
DA:77,0
DA:79,0
DA:80,0
DA:82,0
DA:87,0
DA:88,0
DA:89,0
DA:91,0
DA:92,0
DA:94,0
DA:100,0
DA:112,0
DA:203,0
DA:230,0
DA:251,0
DA:252,0
DA:278,0
LF:54
LH:0
BRDA:39,0,0,0
BRDA:39,0,1,0
BRDA:54,1,0,0
BRDA:54,1,1,0
BRDA:63,2,0,0
BRDA:63,2,1,0
BRDA:67,3,0,0
BRDA:67,3,1,0
BRDA:80,4,0,0
BRDA:80,4,1,0
BRDA:88,5,0,0
BRDA:88,5,1,0
BRDA:94,6,0,0
BRDA:94,6,1,0
BRDA:94,6,2,0
BRDA:105,7,0,0
BRDA:105,7,1,0
BRDA:109,8,0,0
BRDA:109,8,1,0
BRDA:121,9,0,0
BRDA:121,9,1,0
BRDA:124,10,0,0
BRDA:124,10,1,0
BRDA:170,11,0,0
BRDA:170,11,1,0
BRDA:170,11,2,0
BRDA:175,12,0,0
BRDA:175,12,1,0
BRDA:175,13,0,0
BRDA:175,13,1,0
BRDA:175,13,2,0
BRDA:181,14,0,0
BRDA:181,14,1,0
BRDA:201,15,0,0
BRDA:201,15,1,0
BRDA:210,16,0,0
BRDA:210,16,1,0
BRDA:212,17,0,0
BRDA:212,17,1,0
BRDA:219,18,0,0
BRDA:219,18,1,0
BRDA:223,19,0,0
BRDA:223,19,1,0
BRDA:233,20,0,0
BRDA:233,20,1,0
BRDA:258,21,0,0
BRDA:258,21,1,0
BRDA:261,22,0,0
BRDA:261,22,1,0
BRDA:266,23,0,0
BRDA:266,23,1,0
BRF:51
BRH:0
end_of_record
TN:
SF:src\screens\ar\ARViewScreen.tsx
FN:22,(anonymous_0)
FN:68,(anonymous_1)
FN:83,(anonymous_2)
FN:84,(anonymous_3)
FN:103,(anonymous_4)
FN:109,(anonymous_5)
FN:113,(anonymous_6)
FN:116,(anonymous_7)
FN:126,(anonymous_8)
FN:131,(anonymous_9)
FN:136,(anonymous_10)
FN:150,(anonymous_11)
FN:154,(anonymous_12)
FN:238,(anonymous_13)
FN:245,(anonymous_14)
FN:263,(anonymous_15)
FN:287,(anonymous_16)
FN:290,(anonymous_17)
FN:297,(anonymous_18)
FN:299,(anonymous_19)
FN:306,(anonymous_20)
FN:327,(anonymous_21)
FN:330,(anonymous_22)
FN:338,(anonymous_23)
FN:342,(anonymous_24)
FN:344,(anonymous_25)
FN:370,(anonymous_26)
FN:390,(anonymous_27)
FN:407,(anonymous_28)
FN:413,(anonymous_29)
FN:428,(anonymous_30)
FN:429,(anonymous_31)
FN:430,(anonymous_32)
FN:434,(anonymous_33)
FN:441,(anonymous_34)
FN:443,(anonymous_35)
FN:444,(anonymous_36)
FN:445,(anonymous_37)
FN:446,(anonymous_38)
FN:455,(anonymous_39)
FN:456,(anonymous_40)
FN:473,(anonymous_41)
FN:481,(anonymous_42)
FN:485,(anonymous_43)
FN:486,(anonymous_44)
FN:498,(anonymous_45)
FN:503,(anonymous_46)
FN:504,(anonymous_47)
FN:510,(anonymous_48)
FN:514,(anonymous_49)
FN:521,(anonymous_50)
FN:525,(anonymous_51)
FN:530,(anonymous_52)
FN:532,(anonymous_53)
FN:537,(anonymous_54)
FN:563,(anonymous_55)
FN:612,(anonymous_56)
FN:647,(anonymous_57)
FN:664,(anonymous_58)
FN:708,(anonymous_59)
FN:716,(anonymous_60)
FN:747,(anonymous_61)
FN:824,(anonymous_62)
FN:831,(anonymous_63)
FN:841,(anonymous_64)
FN:848,(anonymous_65)
FN:860,(anonymous_66)
FN:868,(anonymous_67)
FN:887,(anonymous_68)
FN:903,(anonymous_69)
FN:921,(anonymous_70)
FN:937,(anonymous_71)
FNF:72
FNH:0
FNDA:0,(anonymous_0)
FNDA:0,(anonymous_1)
FNDA:0,(anonymous_2)
FNDA:0,(anonymous_3)
FNDA:0,(anonymous_4)
FNDA:0,(anonymous_5)
FNDA:0,(anonymous_6)
FNDA:0,(anonymous_7)
FNDA:0,(anonymous_8)
FNDA:0,(anonymous_9)
FNDA:0,(anonymous_10)
FNDA:0,(anonymous_11)
FNDA:0,(anonymous_12)
FNDA:0,(anonymous_13)
FNDA:0,(anonymous_14)
FNDA:0,(anonymous_15)
FNDA:0,(anonymous_16)
FNDA:0,(anonymous_17)
FNDA:0,(anonymous_18)
FNDA:0,(anonymous_19)
FNDA:0,(anonymous_20)
FNDA:0,(anonymous_21)
FNDA:0,(anonymous_22)
FNDA:0,(anonymous_23)
FNDA:0,(anonymous_24)
FNDA:0,(anonymous_25)
FNDA:0,(anonymous_26)
FNDA:0,(anonymous_27)
FNDA:0,(anonymous_28)
FNDA:0,(anonymous_29)
FNDA:0,(anonymous_30)
FNDA:0,(anonymous_31)
FNDA:0,(anonymous_32)
FNDA:0,(anonymous_33)
FNDA:0,(anonymous_34)
FNDA:0,(anonymous_35)
FNDA:0,(anonymous_36)
FNDA:0,(anonymous_37)
FNDA:0,(anonymous_38)
FNDA:0,(anonymous_39)
FNDA:0,(anonymous_40)
FNDA:0,(anonymous_41)
FNDA:0,(anonymous_42)
FNDA:0,(anonymous_43)
FNDA:0,(anonymous_44)
FNDA:0,(anonymous_45)
FNDA:0,(anonymous_46)
FNDA:0,(anonymous_47)
FNDA:0,(anonymous_48)
FNDA:0,(anonymous_49)
FNDA:0,(anonymous_50)
FNDA:0,(anonymous_51)
FNDA:0,(anonymous_52)
FNDA:0,(anonymous_53)
FNDA:0,(anonymous_54)
FNDA:0,(anonymous_55)
FNDA:0,(anonymous_56)
FNDA:0,(anonymous_57)
FNDA:0,(anonymous_58)
FNDA:0,(anonymous_59)
FNDA:0,(anonymous_60)
FNDA:0,(anonymous_61)
FNDA:0,(anonymous_62)
FNDA:0,(anonymous_63)
FNDA:0,(anonymous_64)
FNDA:0,(anonymous_65)
FNDA:0,(anonymous_66)
FNDA:0,(anonymous_67)
FNDA:0,(anonymous_68)
FNDA:0,(anonymous_69)
FNDA:0,(anonymous_70)
FNDA:0,(anonymous_71)
DA:22,0
DA:23,0
DA:24,0
DA:25,0
DA:28,0
DA:29,0
DA:31,0
DA:32,0
DA:33,0
DA:36,0
DA:37,0
DA:38,0
DA:39,0
DA:40,0
DA:41,0
DA:42,0
DA:43,0
DA:44,0
DA:45,0
DA:46,0
DA:47,0
DA:48,0
DA:49,0
DA:51,0
DA:54,0
DA:56,0
DA:57,0
DA:58,0
DA:59,0
DA:60,0
DA:61,0
DA:62,0
DA:63,0
DA:64,0
DA:65,0
DA:68,0
DA:69,0
DA:70,0
DA:75,0
DA:78,0
DA:83,0
DA:84,0
DA:85,0
DA:86,0
DA:87,0
DA:90,0
DA:91,0
DA:92,0
DA:93,0
DA:97,0
DA:98,0
DA:100,0
DA:101,0
DA:103,0
DA:104,0
DA:105,0
DA:106,0
DA:109,0
DA:113,0
DA:114,0
DA:115,0
DA:116,0
DA:117,0
DA:118,0
DA:121,0
DA:122,0
DA:126,0
DA:127,0
DA:128,0
DA:131,0
DA:132,0
DA:133,0
DA:136,0
DA:137,0
DA:138,0
DA:141,0
DA:142,0
DA:144,0
DA:145,0
DA:150,0
DA:151,0
DA:152,0
DA:154,0
DA:155,0
DA:157,0
DA:158,0
DA:159,0
DA:160,0
DA:161,0
DA:165,0
DA:166,0
DA:167,0
DA:168,0
DA:171,0
DA:172,0
DA:174,0
DA:175,0
DA:176,0
DA:177,0
DA:179,0
DA:182,0
DA:183,0
DA:184,0
DA:186,0
DA:187,0
DA:189,0
DA:190,0
DA:191,0
DA:192,0
DA:196,0
DA:197,0
DA:199,0
DA:200,0
DA:202,0
DA:204,0
DA:205,0
DA:206,0
DA:207,0
DA:209,0
DA:213,0
DA:214,0
DA:215,0
DA:216,0
DA:217,0
DA:220,0
DA:221,0
DA:222,0
DA:226,0
DA:227,0
DA:228,0
DA:229,0
DA:230,0
DA:231,0
DA:236,0
DA:238,0
DA:239,0
DA:240,0
DA:241,0
DA:245,0
DA:246,0
DA:247,0
DA:248,0
DA:249,0
DA:251,0
DA:252,0
DA:253,0
DA:254,0
DA:255,0
DA:257,0
DA:258,0
DA:259,0
DA:263,0
DA:264,0
DA:265,0
DA:266,0
DA:267,0
DA:270,0
DA:271,0
DA:272,0
DA:278,0
DA:279,0
DA:280,0
DA:281,0
DA:283,0
DA:287,0
DA:290,0
DA:291,0
DA:292,0
DA:297,0
DA:298,0
DA:299,0
DA:307,0
DA:308,0
DA:309,0
DA:313,0
DA:318,0
DA:321,0
DA:322,0
DA:323,0
DA:324,0
DA:325,0
DA:328,0
DA:331,0
DA:332,0
DA:333,0
DA:334,0
DA:335,0
DA:339,0
DA:340,0
DA:342,0
DA:345,0
DA:358,0
DA:368,0
DA:370,0
DA:372,0
DA:375,0
DA:376,0
DA:377,0
DA:379,0
DA:380,0
DA:381,0
DA:383,0
DA:384,0
DA:386,0
DA:389,0
DA:392,0
DA:395,0
DA:398,0
DA:399,0
DA:400,0
DA:401,0
DA:404,0
DA:407,0
DA:408,0
DA:409,0
DA:410,0
DA:413,0
DA:414,0
DA:415,0
DA:417,0
DA:418,0
DA:420,0
DA:428,0
DA:429,0
DA:430,0
DA:431,0
DA:433,0
DA:434,0
DA:435,0
DA:436,0
DA:440,0
DA:442,0
DA:443,0
DA:444,0
DA:445,0
DA:446,0
DA:454,0
DA:456,0
DA:457,0
DA:458,0
DA:459,0
DA:461,0
DA:462,0
DA:464,0
DA:465,0
DA:467,0
DA:473,0
DA:474,0
DA:475,0
DA:476,0
DA:477,0
DA:480,0
DA:481,0
DA:484,0
DA:485,0
DA:486,0
DA:487,0
DA:488,0
DA:489,0
DA:491,0
DA:492,0
DA:494,0
DA:498,0
DA:499,0
DA:502,0
DA:503,0
DA:504,0
DA:505,0
DA:506,0
DA:510,0
DA:511,0
DA:514,0
DA:515,0
DA:517,0
DA:518,0
DA:519,0
DA:520,0
DA:521,0
DA:522,0
DA:525,0
DA:527,0
DA:529,0
DA:530,0
DA:532,0
DA:533,0
DA:537,0
DA:538,0
DA:540,0
DA:555,0
DA:558,0
DA:559,0
DA:563,0
DA:604,0
DA:606,0
DA:608,0
DA:612,0
DA:648,0
DA:649,0
DA:650,0
DA:652,0
DA:653,0
DA:664,0
DA:676,0
DA:677,0
DA:680,0
DA:708,0
DA:716,0
DA:747,0
DA:824,0
DA:831,0
DA:841,0
DA:848,0
DA:860,0
DA:868,0
DA:887,0
DA:903,0
DA:921,0
DA:937,0
DA:986,0
LF:319
LH:0
BRDA:28,0,0,0
BRDA:28,0,1,0
BRDA:29,1,0,0
BRDA:29,1,1,0
BRDA:34,2,0,0
BRDA:34,2,1,0
BRDA:90,3,0,0
BRDA:90,3,1,0
BRDA:90,4,0,0
BRDA:90,4,1,0
BRDA:104,5,0,0
BRDA:104,5,1,0
BRDA:104,6,0,0
BRDA:104,6,1,0
BRDA:114,7,0,0
BRDA:114,7,1,0
BRDA:114,8,0,0
BRDA:114,8,1,0
BRDA:155,9,0,0
BRDA:155,9,1,0
BRDA:174,10,0,0
BRDA:174,10,1,0
BRDA:175,11,0,0
BRDA:175,11,1,0
BRDA:184,12,0,0
BRDA:184,12,1,0
BRDA:184,13,0,0
BRDA:184,13,1,0
BRDA:186,14,0,0
BRDA:186,14,1,0
BRDA:187,15,0,0
BRDA:187,15,1,0
BRDA:189,16,0,0
BRDA:189,16,1,0
BRDA:204,17,0,0
BRDA:204,17,1,0
BRDA:205,18,0,0
BRDA:205,18,1,0
BRDA:216,19,0,0
BRDA:216,19,1,0
BRDA:216,20,0,0
BRDA:216,20,1,0
BRDA:220,21,0,0
BRDA:220,21,1,0
BRDA:220,22,0,0
BRDA:220,22,1,0
BRDA:221,23,0,0
BRDA:221,23,1,0
BRDA:227,24,0,0
BRDA:227,24,1,0
BRDA:227,25,0,0
BRDA:227,25,1,0
BRDA:246,26,0,0
BRDA:246,26,1,0
BRDA:254,27,0,0
BRDA:254,27,1,0
BRDA:264,28,0,0
BRDA:264,28,1,0
BRDA:291,29,0,0
BRDA:291,29,1,0
BRDA:300,30,0,0
BRDA:300,30,1,0
BRDA:300,31,0,0
BRDA:300,31,1,0
BRDA:308,32,0,0
BRDA:308,32,1,0
BRDA:313,33,0,0
BRDA:313,33,1,0
BRDA:314,34,0,0
BRDA:314,34,1,0
BRDA:314,34,2,0
BRDA:333,35,0,0
BRDA:333,35,1,0
BRDA:372,36,0,0
BRDA:372,36,1,0
BRDA:375,37,0,0
BRDA:375,37,1,0
BRDA:379,38,0,0
BRDA:379,38,1,0
BRDA:395,39,0,0
BRDA:395,39,1,0
BRDA:409,40,0,0
BRDA:409,40,1,0
BRDA:409,41,0,0
BRDA:409,41,1,0
BRDA:409,41,2,0
BRDA:415,42,0,0
BRDA:415,42,1,0
BRDA:415,43,0,0
BRDA:415,43,1,0
BRDA:415,43,2,0
BRDA:458,44,0,0
BRDA:458,44,1,0
BRDA:461,45,0,0
BRDA:461,45,1,0
BRDA:464,46,0,0
BRDA:464,46,1,0
BRDA:475,47,0,0
BRDA:475,47,1,0
BRDA:488,48,0,0
BRDA:488,48,1,0
BRDA:491,49,0,0
BRDA:491,49,1,0
BRDA:542,50,0,0
BRDA:542,50,1,0
BRDA:547,51,0,0
BRDA:547,51,1,0
BRDA:555,52,0,0
BRDA:555,52,1,0
BRDA:558,53,0,0
BRDA:558,53,1,0
BRDA:558,54,0,0
BRDA:558,54,1,0
BRDA:570,55,0,0
BRDA:570,55,1,0
BRDA:572,56,0,0
BRDA:572,56,1,0
BRDA:589,57,0,0
BRDA:589,57,1,0
BRDA:604,58,0,0
BRDA:604,58,1,0
BRDA:604,59,0,0
BRDA:604,59,1,0
BRDA:604,59,2,0
BRDA:606,60,0,0
BRDA:606,60,1,0
BRDA:619,61,0,0
BRDA:619,61,1,0
BRDA:621,62,0,0
BRDA:621,62,1,0
BRDA:629,63,0,0
BRDA:629,63,1,0
BRDA:631,64,0,0
BRDA:631,64,1,0
BRDA:636,65,0,0
BRDA:636,65,1,0
BRDA:638,66,0,0
BRDA:638,66,1,0
BRDA:640,67,0,0
BRDA:640,67,1,0
BRDA:644,68,0,0
BRDA:644,68,1,0
BRDA:650,69,0,0
BRDA:650,69,1,0
BRDA:650,70,0,0
BRDA:650,70,1,0
BRDA:676,71,0,0
BRDA:676,71,1,0
BRDA:676,72,0,0
BRDA:676,72,1,0
BRDA:682,73,0,0
BRDA:682,73,1,0
BRDA:695,74,0,0
BRDA:695,74,1,0
BRDA:701,75,0,0
BRDA:701,75,1,0
BRDA:705,76,0,0
BRDA:705,76,1,0
BRDA:727,77,0,0
BRDA:727,77,1,0
BRDA:743,78,0,0
BRDA:743,78,1,0
BRDA:762,79,0,0
BRDA:762,79,1,0
BRDA:778,80,0,0
BRDA:778,80,1,0
BRDA:781,81,0,0
BRDA:781,81,1,0
BRDA:790,82,0,0
BRDA:790,82,1,0
BRDA:801,83,0,0
BRDA:801,83,1,0
BRDA:967,84,0,0
BRDA:967,84,1,0
BRDA:972,85,0,0
BRDA:972,85,1,0
BRF:176
BRH:0
end_of_record
TN:
SF:src\screens\auth\ForgotPasswordScreen.tsx
FN:27,(anonymous_0)
FN:34,(anonymous_1)
FN:43,(anonymous_2)
FN:58,(anonymous_3)
FN:90,(anonymous_4)
FN:126,(anonymous_5)
FN:127,(anonymous_6)
FNF:7
FNH:0
FNDA:0,(anonymous_0)
FNDA:0,(anonymous_1)
FNDA:0,(anonymous_2)
FNDA:0,(anonymous_3)
FNDA:0,(anonymous_4)
FNDA:0,(anonymous_5)
FNDA:0,(anonymous_6)
DA:27,0
DA:28,0
DA:29,0
DA:30,0
DA:31,0
DA:32,0
DA:34,0
DA:35,0
DA:36,0
DA:39,0
DA:40,0
DA:41,0
DA:43,0
DA:44,0
DA:45,0
DA:46,0
DA:47,0
DA:49,0
DA:50,0
DA:51,0
DA:52,0
DA:58,0
DA:63,0
DA:64,0
DA:65,0
DA:66,0
DA:68,0
DA:70,0
DA:72,0
DA:76,0
DA:90,0
DA:126,0
DA:127,0
DA:152,0
LF:34
LH:0
BRDA:35,0,0,0
BRDA:35,0,1,0
BRDA:36,1,0,0
BRDA:36,1,1,0
BRDA:44,2,0,0
BRDA:44,2,1,0
BRDA:45,3,0,0
BRDA:45,3,1,0
BRDA:63,4,0,0
BRDA:63,4,1,0
BRDA:64,5,0,0
BRDA:64,5,1,0
BRDA:66,6,0,0
BRDA:66,6,1,0
BRDA:79,7,0,0
BRDA:79,7,1,0
BRDA:83,8,0,0
BRDA:83,8,1,0
BRDA:108,9,0,0
BRDA:108,9,1,0
BRDA:138,10,0,0
BRDA:138,10,1,0
BRDA:156,11,0,0
BRDA:156,11,1,0
BRDA:156,12,0,0
BRDA:156,12,1,0
BRF:26
BRH:0
end_of_record
TN:
SF:src\screens\auth\LoginScreen.tsx
FN:23,(anonymous_0)
FN:36,(anonymous_1)
FN:97,(anonymous_2)
FN:101,(anonymous_3)
FN:206,(anonymous_4)
FN:207,(anonymous_5)
FN:233,(anonymous_6)
FN:234,(anonymous_7)
FN:247,(anonymous_8)
FN:292,(anonymous_9)
FNF:10
FNH:0
FNDA:0,(anonymous_0)
FNDA:0,(anonymous_1)
FNDA:0,(anonymous_2)
FNDA:0,(anonymous_3)
FNDA:0,(anonymous_4)
FNDA:0,(anonymous_5)
FNDA:0,(anonymous_6)
FNDA:0,(anonymous_7)
FNDA:0,(anonymous_8)
FNDA:0,(anonymous_9)
DA:23,0
DA:24,0
DA:25,0
DA:26,0
DA:27,0
DA:28,0
DA:29,0
DA:30,0
DA:31,0
DA:32,0
DA:33,0
DA:34,0
DA:36,0
DA:37,0
DA:38,0
DA:39,0
DA:42,0
DA:43,0
DA:44,0
DA:46,0
DA:47,0
DA:51,0
DA:53,0
DA:54,0
DA:55,0
DA:56,0
DA:61,0
DA:62,0
DA:63,0
DA:67,0
DA:72,0
DA:73,0
DA:80,0
DA:81,0
DA:83,0
DA:84,0
DA:85,0
DA:86,0
DA:87,0
DA:88,0
DA:91,0
DA:93,0
DA:97,0
DA:98,0
DA:101,0
DA:102,0
DA:103,0
DA:104,0
DA:105,0
DA:106,0
DA:107,0
DA:111,0
DA:112,0
DA:113,0
DA:114,0
DA:119,0
DA:120,0
DA:121,0
DA:125,0
DA:129,0
DA:130,0
DA:138,0
DA:144,0
DA:147,0
DA:149,0
DA:153,0
DA:206,0
DA:207,0
DA:233,0
DA:234,0
DA:247,0
DA:292,0
DA:301,0
LF:73
LH:0
BRDA:37,0,0,0
BRDA:37,0,1,0
BRDA:37,1,0,0
BRDA:37,1,1,0
BRDA:46,2,0,0
BRDA:46,2,1,0
BRDA:61,3,0,0
BRDA:61,3,1,0
BRDA:83,4,0,0
BRDA:83,4,1,0
BRDA:85,5,0,0
BRDA:85,5,1,0
BRDA:85,6,0,0
BRDA:85,6,1,0
BRDA:87,7,0,0
BRDA:87,7,1,0
BRDA:105,8,0,0
BRDA:105,8,1,0
BRDA:119,9,0,0
BRDA:119,9,1,0
BRDA:138,10,0,0
BRDA:138,10,1,0
BRDA:139,11,0,0
BRDA:139,11,1,0
BRDA:139,11,2,0
BRDA:147,12,0,0
BRDA:147,12,1,0
BRDA:156,13,0,0
BRDA:156,13,1,0
BRDA:160,14,0,0
BRDA:160,14,1,0
BRDA:168,15,0,0
BRDA:168,15,1,0
BRDA:188,16,0,0
BRDA:188,16,1,0
BRDA:216,17,0,0
BRDA:216,17,1,0
BRDA:238,18,0,0
BRDA:238,18,1,0
BRDA:261,19,0,0
BRDA:261,19,1,0
BRDA:305,20,0,0
BRDA:305,20,1,0
BRDA:305,21,0,0
BRDA:305,21,1,0
BRF:45
BRH:0
end_of_record
TN:
SF:src\screens\auth\SignupScreen.tsx
FN:23,(anonymous_0)
FN:42,(anonymous_1)
FN:84,(anonymous_2)
FN:88,(anonymous_3)
FN:92,(anonymous_4)
FN:194,(anonymous_5)
FN:195,(anonymous_6)
FN:222,(anonymous_7)
FN:223,(anonymous_8)
FN:249,(anonymous_9)
FN:250,(anonymous_10)
FN:283,(anonymous_11)
FN:284,(anonymous_12)
FN:334,(anonymous_13)
FNF:14
FNH:0
FNDA:0,(anonymous_0)
FNDA:0,(anonymous_1)
FNDA:0,(anonymous_2)
FNDA:0,(anonymous_3)
FNDA:0,(anonymous_4)
FNDA:0,(anonymous_5)
FNDA:0,(anonymous_6)
FNDA:0,(anonymous_7)
FNDA:0,(anonymous_8)
FNDA:0,(anonymous_9)
FNDA:0,(anonymous_10)
FNDA:0,(anonymous_11)
FNDA:0,(anonymous_12)
FNDA:0,(anonymous_13)
DA:23,0
DA:24,0
DA:25,0
DA:26,0
DA:27,0
DA:28,0
DA:30,0
DA:31,0
DA:32,0
DA:33,0
DA:34,0
DA:35,0
DA:36,0
DA:37,0
DA:38,0
DA:39,0
DA:40,0
DA:42,0
DA:43,0
DA:44,0
DA:45,0
DA:48,0
DA:49,0
DA:50,0
DA:53,0
DA:54,0
DA:55,0
DA:56,0
DA:63,0
DA:64,0
DA:66,0
DA:67,0
DA:68,0
DA:69,0
DA:70,0
DA:71,0
DA:72,0
DA:73,0
DA:74,0
DA:75,0
DA:78,0
DA:80,0
DA:84,0
DA:85,0
DA:88,0
DA:89,0
DA:92,0
DA:93,0
DA:94,0
DA:95,0
DA:96,0
DA:97,0
DA:98,0
DA:102,0
DA:103,0
DA:104,0
DA:105,0
DA:110,0
DA:111,0
DA:112,0
DA:116,0
DA:120,0
DA:121,0
DA:127,0
DA:133,0
DA:136,0
DA:138,0
DA:142,0
DA:194,0
DA:195,0
DA:222,0
DA:223,0
DA:249,0
DA:250,0
DA:283,0
DA:284,0
DA:334,0
DA:343,0
LF:78
LH:0
BRDA:43,0,0,0
BRDA:43,0,1,0
BRDA:48,1,0,0
BRDA:48,1,1,0
BRDA:48,2,0,0
BRDA:48,2,1,0
BRDA:48,2,2,0
BRDA:66,3,0,0
BRDA:66,3,1,0
BRDA:68,4,0,0
BRDA:68,4,1,0
BRDA:70,5,0,0
BRDA:70,5,1,0
BRDA:72,6,0,0
BRDA:72,6,1,0
BRDA:74,7,0,0
BRDA:74,7,1,0
BRDA:96,8,0,0
BRDA:96,8,1,0
BRDA:110,9,0,0
BRDA:110,9,1,0
BRDA:127,10,0,0
BRDA:127,10,1,0
BRDA:128,11,0,0
BRDA:128,11,1,0
BRDA:128,11,2,0
BRDA:136,12,0,0
BRDA:136,12,1,0
BRDA:145,13,0,0
BRDA:145,13,1,0
BRDA:149,14,0,0
BRDA:149,14,1,0
BRDA:157,15,0,0
BRDA:157,15,1,0
BRDA:177,16,0,0
BRDA:177,16,1,0
BRDA:204,17,0,0
BRDA:204,17,1,0
BRDA:232,18,0,0
BRDA:232,18,1,0
BRDA:254,19,0,0
BRDA:254,19,1,0
BRDA:266,20,0,0
BRDA:266,20,1,0
BRDA:288,21,0,0
BRDA:288,21,1,0
BRDA:301,22,0,0
BRDA:301,22,1,0
BRDA:334,23,0,0
BRDA:334,23,1,0
BRDA:347,24,0,0
BRDA:347,24,1,0
BRDA:347,25,0,0
BRDA:347,25,1,0
BRF:54
BRH:0
end_of_record
TN:
SF:src\screens\auth\VerifyEmailScreen.tsx
FN:17,(anonymous_0)
FN:25,(anonymous_1)
FN:29,(anonymous_2)
FN:41,(anonymous_3)
FN:60,(anonymous_4)
FNF:5
FNH:0
FNDA:0,(anonymous_0)
FNDA:0,(anonymous_1)
FNDA:0,(anonymous_2)
FNDA:0,(anonymous_3)
FNDA:0,(anonymous_4)
DA:17,0
DA:18,0
DA:19,0
DA:20,0
DA:22,0
DA:23,0
DA:25,0
DA:29,0
DA:30,0
DA:31,0
DA:32,0
DA:33,0
DA:35,0
DA:37,0
DA:41,0
DA:42,0
DA:43,0
DA:44,0
DA:45,0
DA:46,0
DA:50,0
DA:52,0
DA:54,0
DA:56,0
DA:60,0
DA:61,0
DA:62,0
DA:64,0
DA:68,0
DA:134,0
LF:30
LH:0
BRDA:25,0,0,0
BRDA:25,0,1,0
BRDA:35,1,0,0
BRDA:35,1,1,0
BRDA:45,2,0,0
BRDA:45,2,1,0
BRDA:54,3,0,0
BRDA:54,3,1,0
BRDA:64,4,0,0
BRDA:64,4,1,0
BRDA:70,5,0,0
BRDA:70,5,1,0
BRDA:74,6,0,0
BRDA:74,6,1,0
BRDA:85,7,0,0
BRDA:85,7,1,0
BRDA:95,8,0,0
BRDA:95,8,1,0
BRDA:110,9,0,0
BRDA:110,9,1,0
BRDA:123,10,0,0
BRDA:123,10,1,0
BRDA:138,11,0,0
BRDA:138,11,1,0
BRDA:138,12,0,0
BRDA:138,12,1,0
BRF:26
BRH:0
end_of_record
TN:
SF:src\screens\cart\CartScreen.tsx
FN:42,(anonymous_0)
FN:66,(anonymous_1)
FN:84,(anonymous_2)
FN:187,(anonymous_3)
FN:196,CartScreen
FN:207,(anonymous_5)
FN:217,(anonymous_6)
FN:221,(anonymous_7)
FN:232,(anonymous_8)
FN:240,(anonymous_9)
FN:242,(anonymous_10)
FN:248,(anonymous_11)
FN:249,(anonymous_12)
FN:288,(anonymous_13)
FN:296,(anonymous_14)
FN:306,(anonymous_15)
FN:308,(anonymous_16)
FN:309,(anonymous_17)
FN:315,(anonymous_18)
FN:316,(anonymous_19)
FN:324,(anonymous_20)
FN:325,(anonymous_21)
FN:325,(anonymous_22)
FN:326,(anonymous_23)
FN:331,(anonymous_24)
FN:340,(anonymous_25)
FN:346,(anonymous_26)
FN:348,(anonymous_27)
FN:368,(anonymous_28)
FN:371,(anonymous_29)
FN:385,(anonymous_30)
FN:453,(anonymous_31)
FN:462,(anonymous_32)
FN:512,(anonymous_33)
FN:513,(anonymous_34)
FN:521,(anonymous_35)
FN:522,(anonymous_36)
FNF:37
FNH:0
FNDA:0,(anonymous_0)
FNDA:0,(anonymous_1)
FNDA:0,(anonymous_2)
FNDA:0,(anonymous_3)
FNDA:0,CartScreen
FNDA:0,(anonymous_5)
FNDA:0,(anonymous_6)
FNDA:0,(anonymous_7)
FNDA:0,(anonymous_8)
FNDA:0,(anonymous_9)
FNDA:0,(anonymous_10)
FNDA:0,(anonymous_11)
FNDA:0,(anonymous_12)
FNDA:0,(anonymous_13)
FNDA:0,(anonymous_14)
FNDA:0,(anonymous_15)
FNDA:0,(anonymous_16)
FNDA:0,(anonymous_17)
FNDA:0,(anonymous_18)
FNDA:0,(anonymous_19)
FNDA:0,(anonymous_20)
FNDA:0,(anonymous_21)
FNDA:0,(anonymous_22)
FNDA:0,(anonymous_23)
FNDA:0,(anonymous_24)
FNDA:0,(anonymous_25)
FNDA:0,(anonymous_26)
FNDA:0,(anonymous_27)
FNDA:0,(anonymous_28)
FNDA:0,(anonymous_29)
FNDA:0,(anonymous_30)
FNDA:0,(anonymous_31)
FNDA:0,(anonymous_32)
FNDA:0,(anonymous_33)
FNDA:0,(anonymous_34)
FNDA:0,(anonymous_35)
FNDA:0,(anonymous_36)
DA:42,0
DA:54,0
DA:55,0
DA:57,0
DA:58,0
DA:59,0
DA:60,0
DA:61,0
DA:62,0
DA:66,0
DA:67,0
DA:68,0
DA:71,0
DA:73,0
DA:74,0
DA:79,0
DA:81,0
DA:84,0
DA:85,0
DA:88,0
DA:187,0
DA:197,0
DA:198,0
DA:199,0
DA:200,0
DA:202,0
DA:203,0
DA:204,0
DA:207,0
DA:208,0
DA:209,0
DA:210,0
DA:211,0
DA:215,0
DA:216,0
DA:218,0
DA:219,0
DA:222,0
DA:223,0
DA:228,0
DA:229,0
DA:232,0
DA:233,0
DA:234,0
DA:239,0
DA:241,0
DA:242,0
DA:247,0
DA:249,0
DA:250,0
DA:251,0
DA:252,0
DA:254,0
DA:258,0
DA:259,0
DA:262,0
DA:263,0
DA:288,0
DA:296,0
DA:306,0
DA:308,0
DA:309,0
DA:311,0
DA:312,0
DA:315,0
DA:316,0
DA:318,0
DA:324,0
DA:325,0
DA:326,0
DA:331,0
DA:332,0
DA:333,0
DA:334,0
DA:336,0
DA:340,0
DA:341,0
DA:342,0
DA:346,0
DA:347,0
DA:348,0
DA:351,0
DA:352,0
DA:353,0
DA:354,0
DA:356,0
DA:357,0
DA:359,0
DA:361,0
DA:362,0
DA:365,0
DA:366,0
DA:368,0
DA:371,0
DA:374,0
DA:377,0
DA:378,0
DA:386,0
DA:387,0
DA:395,0
DA:399,0
DA:402,0
DA:453,0
DA:463,0
DA:512,0
DA:513,0
DA:521,0
DA:522,0
DA:536,0
LF:109
LH:0
BRDA:57,0,0,0
BRDA:57,0,1,0
BRDA:59,1,0,0
BRDA:59,1,1,0
BRDA:61,2,0,0
BRDA:61,2,1,0
BRDA:62,3,0,0
BRDA:62,3,1,0
BRDA:67,4,0,0
BRDA:67,4,1,0
BRDA:73,5,0,0
BRDA:73,5,1,0
BRDA:94,6,0,0
BRDA:94,6,1,0
BRDA:94,7,0,0
BRDA:94,7,1,0
BRDA:95,8,0,0
BRDA:95,8,1,0
BRDA:95,9,0,0
BRDA:95,9,1,0
BRDA:105,10,0,0
BRDA:105,10,1,0
BRDA:111,11,0,0
BRDA:111,11,1,0
BRDA:120,12,0,0
BRDA:120,12,1,0
BRDA:120,12,2,0
BRDA:125,13,0,0
BRDA:125,13,1,0
BRDA:126,14,0,0
BRDA:126,14,1,0
BRDA:132,15,0,0
BRDA:132,15,1,0
BRDA:134,16,0,0
BRDA:134,16,1,0
BRDA:134,17,0,0
BRDA:134,17,1,0
BRDA:140,18,0,0
BRDA:140,18,1,0
BRDA:140,19,0,0
BRDA:140,19,1,0
BRDA:144,20,0,0
BRDA:144,20,1,0
BRDA:161,21,0,0
BRDA:161,21,1,0
BRDA:170,22,0,0
BRDA:170,22,1,0
BRDA:170,23,0,0
BRDA:170,23,1,0
BRDA:175,24,0,0
BRDA:175,24,1,0
BRDA:180,25,0,0
BRDA:180,25,1,0
BRDA:180,26,0,0
BRDA:180,26,1,0
BRDA:208,27,0,0
BRDA:208,27,1,0
BRDA:233,28,0,0
BRDA:233,28,1,0
BRDA:242,29,0,0
BRDA:242,29,1,0
BRDA:242,30,0,0
BRDA:242,30,1,0
BRDA:250,31,0,0
BRDA:250,31,1,0
BRDA:250,32,0,0
BRDA:250,32,1,0
BRDA:258,33,0,0
BRDA:258,33,1,0
BRDA:262,34,0,0
BRDA:262,34,1,0
BRDA:269,35,0,0
BRDA:269,35,1,0
BRDA:309,36,0,0
BRDA:309,36,1,0
BRDA:316,37,0,0
BRDA:316,37,1,0
BRDA:318,38,0,0
BRDA:318,38,1,0
BRDA:341,39,0,0
BRDA:341,39,1,0
BRDA:346,40,0,0
BRDA:346,40,1,0
BRDA:346,41,0,0
BRDA:346,41,1,0
BRDA:348,42,0,0
BRDA:348,42,1,0
BRDA:348,42,2,0
BRDA:348,43,0,0
BRDA:348,43,1,0
BRDA:348,44,0,0
BRDA:348,44,1,0
BRDA:351,45,0,0
BRDA:351,45,1,0
BRDA:351,46,0,0
BRDA:351,46,1,0
BRDA:353,47,0,0
BRDA:353,47,1,0
BRDA:356,48,0,0
BRDA:356,48,1,0
BRDA:365,49,0,0
BRDA:365,49,1,0
BRDA:377,50,0,0
BRDA:377,50,1,0
BRDA:408,51,0,0
BRDA:408,51,1,0
BRDA:414,52,0,0
BRDA:414,52,1,0
BRDA:421,53,0,0
BRDA:421,53,1,0
BRDA:435,54,0,0
BRDA:435,54,1,0
BRDA:442,55,0,0
BRDA:442,55,1,0
BRDA:473,56,0,0
BRDA:473,56,1,0
BRDA:486,57,0,0
BRDA:486,57,1,0
BRDA:511,58,0,0
BRDA:511,58,1,0
BRDA:511,59,0,0
BRDA:511,59,1,0
BRDA:511,59,2,0
BRDA:512,60,0,0
BRDA:512,60,1,0
BRDA:512,61,0,0
BRDA:512,61,1,0
BRDA:513,62,0,0
BRDA:513,62,1,0
BRDA:520,63,0,0
BRDA:520,63,1,0
BRDA:520,63,2,0
BRDA:521,64,0,0
BRDA:521,64,1,0
BRDA:521,65,0,0
BRDA:521,65,1,0
BRDA:522,66,0,0
BRDA:522,66,1,0
BRF:138
BRH:0
end_of_record
TN:
SF:src\screens\cart\CheckoutScreen.tsx
FN:25,(anonymous_0)
FN:43,(anonymous_1)
FN:46,(anonymous_2)
FN:49,(anonymous_3)
FN:57,(anonymous_4)
FN:63,(anonymous_5)
FN:70,(anonymous_6)
FN:75,(anonymous_7)
FN:146,(anonymous_8)
FN:156,(anonymous_9)
FN:167,(anonymous_10)
FN:204,(anonymous_11)
FN:229,(anonymous_12)
FN:271,(anonymous_13)
FN:275,(anonymous_14)
FN:331,(anonymous_15)
FN:344,(anonymous_16)
FN:356,(anonymous_17)
FNF:18
FNH:0
FNDA:0,(anonymous_0)
FNDA:0,(anonymous_1)
FNDA:0,(anonymous_2)
FNDA:0,(anonymous_3)
FNDA:0,(anonymous_4)
FNDA:0,(anonymous_5)
FNDA:0,(anonymous_6)
FNDA:0,(anonymous_7)
FNDA:0,(anonymous_8)
FNDA:0,(anonymous_9)
FNDA:0,(anonymous_10)
FNDA:0,(anonymous_11)
FNDA:0,(anonymous_12)
FNDA:0,(anonymous_13)
FNDA:0,(anonymous_14)
FNDA:0,(anonymous_15)
FNDA:0,(anonymous_16)
FNDA:0,(anonymous_17)
DA:25,0
DA:26,0
DA:27,0
DA:28,0
DA:29,0
DA:30,0
DA:31,0
DA:33,0
DA:34,0
DA:35,0
DA:36,0
DA:37,0
DA:38,0
DA:39,0
DA:40,0
DA:42,0
DA:44,0
DA:45,0
DA:47,0
DA:49,0
DA:50,0
DA:51,0
DA:52,0
DA:53,0
DA:55,0
DA:58,0
DA:59,0
DA:63,0
DA:64,0
DA:69,0
DA:70,0
DA:73,0
DA:75,0
DA:76,0
DA:77,0
DA:78,0
DA:81,0
DA:82,0
DA:83,0
DA:86,0
DA:87,0
DA:88,0
DA:91,0
DA:92,0
DA:93,0
DA:109,0
DA:111,0
DA:112,0
DA:116,0
DA:147,0
DA:157,0
DA:167,0
DA:205,0
DA:229,0
DA:272,0
DA:274,0
DA:275,0
DA:276,0
DA:331,0
DA:345,0
DA:356,0
DA:468,0
LF:62
LH:0
BRDA:30,0,0,0
BRDA:30,0,1,0
BRDA:31,1,0,0
BRDA:31,1,1,0
BRDA:50,2,0,0
BRDA:50,2,1,0
BRDA:52,3,0,0
BRDA:52,3,1,0
BRDA:70,4,0,0
BRDA:70,4,1,0
BRDA:70,5,0,0
BRDA:70,5,1,0
BRDA:76,6,0,0
BRDA:76,6,1,0
BRDA:81,7,0,0
BRDA:81,7,1,0
BRDA:86,8,0,0
BRDA:86,8,1,0
BRDA:86,9,0,0
BRDA:86,9,1,0
BRDA:96,10,0,0
BRDA:96,10,1,0
BRDA:96,11,0,0
BRDA:96,11,1,0
BRDA:111,12,0,0
BRDA:111,12,1,0
BRDA:122,13,0,0
BRDA:122,13,1,0
BRDA:132,14,0,0
BRDA:132,14,1,0
BRDA:137,15,0,0
BRDA:137,15,1,0
BRDA:163,16,0,0
BRDA:163,16,1,0
BRDA:164,17,0,0
BRDA:164,17,1,0
BRDA:173,18,0,0
BRDA:173,18,1,0
BRDA:189,19,0,0
BRDA:189,19,1,0
BRDA:190,20,0,0
BRDA:190,20,1,0
BRDA:194,21,0,0
BRDA:194,21,1,0
BRDA:225,22,0,0
BRDA:225,22,1,0
BRDA:226,23,0,0
BRDA:226,23,1,0
BRDA:235,24,0,0
BRDA:235,24,1,0
BRDA:248,25,0,0
BRDA:248,25,1,0
BRDA:250,26,0,0
BRDA:250,26,1,0
BRDA:254,27,0,0
BRDA:254,27,1,0
BRDA:267,28,0,0
BRDA:267,28,1,0
BRDA:268,29,0,0
BRDA:268,29,1,0
BRDA:274,30,0,0
BRDA:274,30,1,0
BRDA:274,31,0,0
BRDA:274,31,1,0
BRDA:275,32,0,0
BRDA:275,32,1,0
BRDA:284,33,0,0
BRDA:284,33,1,0
BRDA:297,34,0,0
BRDA:297,34,1,0
BRDA:299,35,0,0
BRDA:299,35,1,0
BRDA:303,36,0,0
BRDA:303,36,1,0
BRDA:311,37,0,0
BRDA:311,37,1,0
BRDA:313,38,0,0
BRDA:313,38,1,0
BRDA:320,39,0,0
BRDA:320,39,1,0
BRDA:352,40,0,0
BRDA:352,40,1,0
BRDA:353,41,0,0
BRDA:353,41,1,0
BRDA:365,42,0,0
BRDA:365,42,1,0
BRDA:367,43,0,0
BRDA:367,43,1,0
BRDA:369,44,0,0
BRDA:369,44,1,0
BRDA:382,45,0,0
BRDA:382,45,1,0
BRDA:402,46,0,0
BRDA:402,46,1,0
BRDA:404,47,0,0
BRDA:404,47,1,0
BRDA:408,48,0,0
BRDA:408,48,1,0
BRDA:442,49,0,0
BRDA:442,49,1,0
BRDA:442,50,0,0
BRDA:442,50,1,0
BRDA:442,50,2,0
BRDA:442,50,3,0
BRDA:451,51,0,0
BRDA:451,51,1,0
BRDA:451,51,2,0
BRDA:451,51,3,0
BRDA:451,51,4,0
BRDA:457,52,0,0
BRDA:457,52,1,0
BRF:111
BRH:0
end_of_record
TN:
SF:src\screens\cart\OrderPlacedScreen.tsx
FN:13,(anonymous_0)
FN:27,(anonymous_1)
FN:75,(anonymous_2)
FN:82,(anonymous_3)
FNF:4
FNH:0
FNDA:0,(anonymous_0)
FNDA:0,(anonymous_1)
FNDA:0,(anonymous_2)
FNDA:0,(anonymous_3)
DA:13,0
DA:14,0
DA:15,0
DA:16,0
DA:17,0
DA:20,0
DA:21,0
DA:22,0
DA:23,0
DA:24,0
DA:25,0
DA:27,0
DA:29,0
DA:75,0
DA:76,0
DA:82,0
DA:83,0
DA:89,0
DA:198,0
LF:19
LH:0
BRDA:17,0,0,0
BRDA:17,0,1,0
BRDA:95,1,0,0
BRDA:95,1,1,0
BRDA:149,2,0,0
BRDA:149,2,1,0
BRF:6
BRH:0
end_of_record
TN:
SF:src\screens\home\HomeScreen.tsx
FN:49,(anonymous_0)
FN:85,(anonymous_1)
FN:100,(anonymous_2)
FN:135,HomeScreen
FN:154,(anonymous_4)
FN:156,(anonymous_5)
FN:160,(anonymous_6)
FN:169,(anonymous_7)
FN:171,(anonymous_8)
FN:175,(anonymous_9)
FN:184,(anonymous_10)
FN:186,(anonymous_11)
FN:190,(anonymous_12)
FN:233,(anonymous_13)
FN:262,(anonymous_14)
FN:311,(anonymous_15)
FN:342,(anonymous_16)
FN:353,(anonymous_17)
FN:384,(anonymous_18)
FN:395,(anonymous_19)
FN:426,(anonymous_20)
FNF:21
FNH:0
FNDA:0,(anonymous_0)
FNDA:0,(anonymous_1)
FNDA:0,(anonymous_2)
FNDA:0,HomeScreen
FNDA:0,(anonymous_4)
FNDA:0,(anonymous_5)
FNDA:0,(anonymous_6)
FNDA:0,(anonymous_7)
FNDA:0,(anonymous_8)
FNDA:0,(anonymous_9)
FNDA:0,(anonymous_10)
FNDA:0,(anonymous_11)
FNDA:0,(anonymous_12)
FNDA:0,(anonymous_13)
FNDA:0,(anonymous_14)
FNDA:0,(anonymous_15)
FNDA:0,(anonymous_16)
FNDA:0,(anonymous_17)
FNDA:0,(anonymous_18)
FNDA:0,(anonymous_19)
FNDA:0,(anonymous_20)
DA:49,0
DA:56,0
DA:57,0
DA:85,0
DA:90,0
DA:91,0
DA:93,0
DA:97,0
DA:100,0
DA:136,0
DA:137,0
DA:138,0
DA:139,0
DA:140,0
DA:141,0
DA:142,0
DA:143,0
DA:144,0
DA:145,0
DA:148,0
DA:154,0
DA:155,0
DA:157,0
DA:158,0
DA:161,0
DA:162,0
DA:163,0
DA:166,0
DA:169,0
DA:170,0
DA:172,0
DA:173,0
DA:176,0
DA:177,0
DA:178,0
DA:181,0
DA:184,0
DA:185,0
DA:187,0
DA:188,0
DA:191,0
DA:192,0
DA:193,0
DA:196,0
DA:199,0
DA:233,0
DA:262,0
DA:311,0
DA:343,0
DA:353,0
DA:385,0
DA:395,0
DA:427,0
DA:436,0
DA:438,0
LF:55
LH:0
BRDA:59,0,0,0
BRDA:59,0,1,0
BRDA:93,1,0,0
BRDA:93,1,1,0
BRDA:104,2,0,0
BRDA:104,2,1,0
BRDA:119,3,0,0
BRDA:119,3,1,0
BRDA:202,4,0,0
BRDA:202,4,1,0
BRDA:215,5,0,0
BRDA:215,5,1,0
BRDA:215,6,0,0
BRDA:215,6,1,0
BRDA:217,7,0,0
BRDA:217,7,1,0
BRDA:258,8,0,0
BRDA:258,8,1,0
BRDA:268,9,0,0
BRDA:268,9,1,0
BRDA:318,10,0,0
BRDA:318,10,1,0
BRDA:325,11,0,0
BRDA:325,11,1,0
BRDA:360,12,0,0
BRDA:360,12,1,0
BRDA:367,13,0,0
BRDA:367,13,1,0
BRDA:402,14,0,0
BRDA:402,14,1,0
BRDA:409,15,0,0
BRDA:409,15,1,0
BRF:32
BRH:0
end_of_record
TN:
SF:src\screens\onboarding\AvatarFinalWelcomeScreen.tsx
FN:14,(anonymous_0)
FN:39,(anonymous_1)
FN:40,(anonymous_2)
FN:54,(anonymous_3)
FN:117,(anonymous_4)
FN:143,(anonymous_5)
FN:161,(anonymous_6)
FNF:7
FNH:0
FNDA:0,(anonymous_0)
FNDA:0,(anonymous_1)
FNDA:0,(anonymous_2)
FNDA:0,(anonymous_3)
FNDA:0,(anonymous_4)
FNDA:0,(anonymous_5)
FNDA:0,(anonymous_6)
DA:12,0
DA:14,0
DA:15,0
DA:16,0
DA:17,0
DA:19,0
DA:20,0
DA:22,0
DA:23,0
DA:24,0
DA:25,0
DA:26,0
DA:27,0
DA:28,0
DA:29,0
DA:32,0
DA:33,0
DA:34,0
DA:35,0
DA:36,0
DA:37,0
DA:39,0
DA:40,0
DA:45,0
DA:54,0
DA:55,0
DA:64,0
DA:65,0
DA:66,0
DA:67,0
DA:68,0
DA:69,0
DA:71,0
DA:72,0
DA:73,0
DA:74,0
DA:75,0
DA:76,0
DA:78,0
DA:80,0
DA:118,0
DA:119,0
DA:121,0
DA:122,0
DA:124,0
DA:125,0
DA:126,0
DA:128,0
DA:130,0
DA:132,0
DA:133,0
DA:134,0
DA:135,0
DA:136,0
DA:138,0
DA:144,0
DA:145,0
DA:154,0
DA:155,0
DA:157,0
DA:161,0
DA:162,0
DA:163,0
DA:164,0
DA:165,0
DA:166,0
DA:167,0
DA:168,0
DA:190,0
DA:191,0
DA:192,0
DA:194,0
DA:263,0
LF:73
LH:0
BRDA:19,0,0,0
BRDA:19,0,1,0
BRDA:20,1,0,0
BRDA:20,1,1,0
BRDA:20,1,2,0
BRDA:118,2,0,0
BRDA:118,2,1,0
BRDA:121,3,0,0
BRDA:121,3,1,0
BRDA:124,4,0,0
BRDA:124,4,1,0
BRDA:128,5,0,0
BRDA:128,5,1,0
BRDA:154,6,0,0
BRDA:154,6,1,0
BRDA:249,7,0,0
BRDA:249,7,1,0
BRF:17
BRH:0
end_of_record
TN:
SF:src\screens\onboarding\AvatarWelcomeScreen.tsx
FN:21,(anonymous_0)
FN:38,(anonymous_1)
FN:56,(anonymous_2)
FN:78,(anonymous_3)
FN:184,(anonymous_4)
FN:194,(anonymous_5)
FNF:6
FNH:0
FNDA:0,(anonymous_0)
FNDA:0,(anonymous_1)
FNDA:0,(anonymous_2)
FNDA:0,(anonymous_3)
FNDA:0,(anonymous_4)
FNDA:0,(anonymous_5)
DA:19,0
DA:21,0
DA:22,0
DA:23,0
DA:24,0
DA:25,0
DA:27,0
DA:28,0
DA:31,0
DA:32,0
DA:33,0
DA:34,0
DA:35,0
DA:36,0
DA:38,0
DA:40,0
DA:56,0
DA:61,0
DA:78,0
DA:79,0
DA:96,0
DA:97,0
DA:98,0
DA:100,0
DA:101,0
DA:102,0
DA:105,0
DA:107,0
DA:112,0
DA:117,0
DA:122,0
DA:184,0
DA:195,0
DA:196,0
DA:197,0
DA:199,0
DA:200,0
DA:201,0
DA:203,0
DA:204,0
DA:206,0
DA:208,0
DA:228,0
LF:43
LH:0
BRDA:105,0,0,0
BRDA:105,0,1,0
BRDA:105,0,2,0
BRDA:166,1,0,0
BRDA:166,1,1,0
BRDA:195,2,0,0
BRDA:195,2,1,0
BRDA:200,3,0,0
BRDA:200,3,1,0
BRDA:206,4,0,0
BRDA:206,4,1,0
BRDA:214,5,0,0
BRDA:214,5,1,0
BRF:13
BRH:0
end_of_record
TN:
SF:src\screens\onboarding\WelcomeBackScreen.tsx
FN:17,(anonymous_0)
FN:23,(anonymous_1)
FN:47,(anonymous_2)
FN:48,(anonymous_3)
FN:62,(anonymous_4)
FN:129,(anonymous_5)
FN:135,(anonymous_6)
FNF:7
FNH:0
FNDA:0,(anonymous_0)
FNDA:0,(anonymous_1)
FNDA:0,(anonymous_2)
FNDA:0,(anonymous_3)
FNDA:0,(anonymous_4)
FNDA:0,(anonymous_5)
FNDA:0,(anonymous_6)
DA:10,0
DA:17,0
DA:18,0
DA:19,0
DA:21,0
DA:22,0
DA:24,0
DA:33,0
DA:34,0
DA:35,0
DA:36,0
DA:37,0
DA:40,0
DA:41,0
DA:42,0
DA:43,0
DA:44,0
DA:45,0
DA:47,0
DA:48,0
DA:53,0
DA:62,0
DA:63,0
DA:72,0
DA:73,0
DA:74,0
DA:75,0
DA:76,0
DA:77,0
DA:79,0
DA:80,0
DA:81,0
DA:82,0
DA:83,0
DA:84,0
DA:86,0
DA:130,0
DA:131,0
DA:135,0
DA:136,0
DA:137,0
DA:138,0
DA:139,0
DA:140,0
DA:141,0
DA:158,0
DA:159,0
DA:160,0
DA:162,0
DA:164,0
DA:166,0
DA:224,0
LF:52
LH:0
BRDA:21,0,0,0
BRDA:21,0,1,0
BRDA:21,0,2,0
BRDA:130,1,0,0
BRDA:130,1,1,0
BRDA:162,2,0,0
BRDA:162,2,1,0
BRDA:164,3,0,0
BRDA:164,3,1,0
BRF:9
BRH:0
end_of_record
TN:
SF:src\screens\product\ProductDetailsScreen.tsx
FN:57,ProductDetailsScreen
FN:77,(anonymous_1)
FN:95,(anonymous_2)
FN:104,(anonymous_3)
FN:122,(anonymous_4)
FN:139,(anonymous_5)
FN:149,(anonymous_6)
FN:154,(anonymous_7)
FN:159,(anonymous_8)
FN:162,(anonymous_9)
FN:175,(anonymous_10)
FN:203,(anonymous_11)
FN:208,(anonymous_12)
FN:213,(anonymous_13)
FN:214,(anonymous_14)
FN:227,(anonymous_15)
FN:263,(anonymous_16)
FN:319,(anonymous_17)
FN:365,(anonymous_18)
FN:390,(anonymous_19)
FN:403,(anonymous_20)
FN:438,(anonymous_21)
FN:446,(anonymous_22)
FN:455,(anonymous_23)
FN:468,(anonymous_24)
FN:471,(anonymous_25)
FN:522,(anonymous_26)
FN:522,(anonymous_27)
FN:535,(anonymous_28)
FN:535,(anonymous_29)
FN:597,(anonymous_30)
FN:612,(anonymous_31)
FN:617,(anonymous_32)
FN:642,(anonymous_33)
FN:669,(anonymous_34)
FN:678,(anonymous_35)
FN:696,(anonymous_36)
FN:709,(anonymous_37)
FNF:38
FNH:0
FNDA:0,ProductDetailsScreen
FNDA:0,(anonymous_1)
FNDA:0,(anonymous_2)
FNDA:0,(anonymous_3)
FNDA:0,(anonymous_4)
FNDA:0,(anonymous_5)
FNDA:0,(anonymous_6)
FNDA:0,(anonymous_7)
FNDA:0,(anonymous_8)
FNDA:0,(anonymous_9)
FNDA:0,(anonymous_10)
FNDA:0,(anonymous_11)
FNDA:0,(anonymous_12)
FNDA:0,(anonymous_13)
FNDA:0,(anonymous_14)
FNDA:0,(anonymous_15)
FNDA:0,(anonymous_16)
FNDA:0,(anonymous_17)
FNDA:0,(anonymous_18)
FNDA:0,(anonymous_19)
FNDA:0,(anonymous_20)
FNDA:0,(anonymous_21)
FNDA:0,(anonymous_22)
FNDA:0,(anonymous_23)
FNDA:0,(anonymous_24)
FNDA:0,(anonymous_25)
FNDA:0,(anonymous_26)
FNDA:0,(anonymous_27)
FNDA:0,(anonymous_28)
FNDA:0,(anonymous_29)
FNDA:0,(anonymous_30)
FNDA:0,(anonymous_31)
FNDA:0,(anonymous_32)
FNDA:0,(anonymous_33)
FNDA:0,(anonymous_34)
FNDA:0,(anonymous_35)
FNDA:0,(anonymous_36)
FNDA:0,(anonymous_37)
DA:50,0
DA:58,0
DA:59,0
DA:60,0
DA:61,0
DA:62,0
DA:63,0
DA:64,0
DA:65,0
DA:66,0
DA:67,0
DA:68,0
DA:69,0
DA:70,0
DA:71,0
DA:72,0
DA:73,0
DA:74,0
DA:75,0
DA:77,0
DA:78,0
DA:79,0
DA:95,0
DA:96,0
DA:97,0
DA:100,0
DA:104,0
DA:105,0
DA:106,0
DA:107,0
DA:108,0
DA:111,0
DA:112,0
DA:120,0
DA:123,0
DA:124,0
DA:125,0
DA:126,0
DA:127,0
DA:130,0
DA:131,0
DA:134,0
DA:135,0
DA:137,0
DA:140,0
DA:141,0
DA:142,0
DA:147,0
DA:149,0
DA:150,0
DA:154,0
DA:156,0
DA:159,0
DA:161,0
DA:162,0
DA:163,0
DA:164,0
DA:165,0
DA:167,0
DA:168,0
DA:169,0
DA:174,0
DA:175,0
DA:189,0
DA:190,0
DA:193,0
DA:194,0
DA:197,0
DA:198,0
DA:202,0
DA:203,0
DA:204,0
DA:208,0
DA:209,0
DA:210,0
DA:211,0
DA:213,0
DA:214,0
DA:216,0
DA:219,0
DA:220,0
DA:228,0
DA:229,0
DA:237,0
DA:240,0
DA:241,0
DA:242,0
DA:243,0
DA:245,0
DA:254,0
DA:255,0
DA:256,0
DA:259,0
DA:263,0
DA:264,0
DA:265,0
DA:268,0
DA:269,0
DA:270,0
DA:272,0
DA:273,0
DA:276,0
DA:279,0
DA:280,0
DA:281,0
DA:284,0
DA:286,0
DA:290,0
DA:291,0
DA:302,0
DA:304,0
DA:306,0
DA:311,0
DA:314,0
DA:316,0
DA:317,0
DA:319,0
DA:320,0
DA:321,0
DA:324,0
DA:337,0
DA:338,0
DA:339,0
DA:340,0
DA:341,0
DA:345,0
DA:346,0
DA:356,0
DA:357,0
DA:365,0
DA:373,0
DA:390,0
DA:403,0
DA:438,0
DA:446,0
DA:455,0
DA:469,0
DA:471,0
DA:522,0
DA:535,0
DA:597,0
DA:613,0
DA:617,0
DA:643,0
DA:669,0
DA:678,0
DA:696,0
DA:709,0
DA:721,0
LF:149
LH:0
BRDA:59,0,0,0
BRDA:59,0,1,0
BRDA:78,1,0,0
BRDA:78,1,1,0
BRDA:105,2,0,0
BRDA:105,2,1,0
BRDA:123,3,0,0
BRDA:123,3,1,0
BRDA:125,4,0,0
BRDA:125,4,1,0
BRDA:163,5,0,0
BRDA:163,5,1,0
BRDA:189,6,0,0
BRDA:189,6,1,0
BRDA:193,7,0,0
BRDA:193,7,1,0
BRDA:197,8,0,0
BRDA:197,8,1,0
BRDA:210,9,0,0
BRDA:210,9,1,0
BRDA:219,10,0,0
BRDA:219,10,1,0
BRDA:240,11,0,0
BRDA:240,11,1,0
BRDA:243,12,0,0
BRDA:243,12,1,0
BRDA:259,13,0,0
BRDA:259,13,1,0
BRDA:264,14,0,0
BRDA:264,14,1,0
BRDA:268,15,0,0
BRDA:268,15,1,0
BRDA:272,16,0,0
BRDA:272,16,1,0
BRDA:279,17,0,0
BRDA:279,17,1,0
BRDA:286,18,0,0
BRDA:286,18,1,0
BRDA:295,19,0,0
BRDA:295,19,1,0
BRDA:296,20,0,0
BRDA:296,20,1,0
BRDA:304,21,0,0
BRDA:304,21,1,0
BRDA:311,22,0,0
BRDA:311,22,1,0
BRDA:311,23,0,0
BRDA:311,23,1,0
BRDA:313,24,0,0
BRDA:313,24,1,0
BRDA:314,25,0,0
BRDA:314,25,1,0
BRDA:317,26,0,0
BRDA:317,26,1,0
BRDA:317,27,0,0
BRDA:317,27,1,0
BRDA:320,28,0,0
BRDA:320,28,1,0
BRDA:337,29,0,0
BRDA:337,29,1,0
BRDA:337,30,0,0
BRDA:337,30,1,0
BRDA:338,31,0,0
BRDA:338,31,1,0
BRDA:338,32,0,0
BRDA:338,32,1,0
BRDA:340,33,0,0
BRDA:340,33,1,0
BRDA:340,34,0,0
BRDA:340,34,1,0
BRDA:345,35,0,0
BRDA:345,35,1,0
BRDA:356,36,0,0
BRDA:356,36,1,0
BRDA:356,37,0,0
BRDA:356,37,1,0
BRDA:361,38,0,0
BRDA:361,38,1,0
BRDA:376,39,0,0
BRDA:376,39,1,0
BRDA:400,40,0,0
BRDA:400,40,1,0
BRDA:413,41,0,0
BRDA:413,41,1,0
BRDA:415,42,0,0
BRDA:415,42,1,0
BRDA:424,43,0,0
BRDA:424,43,1,0
BRDA:428,44,0,0
BRDA:428,44,1,0
BRDA:443,45,0,0
BRDA:443,45,1,0
BRDA:452,46,0,0
BRDA:452,46,1,0
BRDA:468,47,0,0
BRDA:468,47,1,0
BRDA:468,48,0,0
BRDA:468,48,1,0
BRDA:475,49,0,0
BRDA:475,49,1,0
BRDA:495,50,0,0
BRDA:495,50,1,0
BRDA:512,51,0,0
BRDA:512,51,1,0
BRDA:522,52,0,0
BRDA:522,52,1,0
BRDA:529,53,0,0
BRDA:529,53,1,0
BRDA:535,54,0,0
BRDA:535,54,1,0
BRDA:542,55,0,0
BRDA:542,55,1,0
BRDA:603,56,0,0
BRDA:603,56,1,0
BRDA:607,57,0,0
BRDA:607,57,1,0
BRDA:624,58,0,0
BRDA:624,58,1,0
BRDA:639,59,0,0
BRDA:639,59,1,0
BRDA:656,60,0,0
BRDA:656,60,1,0
BRDA:656,61,0,0
BRDA:656,61,1,0
BRDA:684,62,0,0
BRDA:684,62,1,0
BRDA:689,63,0,0
BRDA:689,63,1,0
BRDA:702,64,0,0
BRDA:702,64,1,0
BRF:130
BRH:0
end_of_record
TN:
SF:src\screens\product\ProductListScreen.tsx
FN:46,(anonymous_0)
FN:75,(anonymous_1)
[...]
BRH:0
end_of_record
TN:
SF:src\services\wishlistService.ts
FN:27,requireUid
FN:35,wishlistCollectionRef
FN:39,wishlistDocRef
FN:43,getWishlist
FN:47,(anonymous_4)
FN:56,isWishlisted
FN:62,addToWishlist
FN:76,removeFromWishlist
FN:81,toggleWishlist
FN:94,subscribeWishlist
FN:102,(anonymous_10)
FN:103,(anonymous_11)
FN:112,(anonymous_12)
FNF:13
FNH:0
FNDA:0,requireUid
FNDA:0,wishlistCollectionRef
FNDA:0,wishlistDocRef
FNDA:0,getWishlist
FNDA:0,(anonymous_4)
FNDA:0,isWishlisted
FNDA:0,addToWishlist
FNDA:0,removeFromWishlist
FNDA:0,toggleWishlist
FNDA:0,subscribeWishlist
FNDA:0,(anonymous_10)
FNDA:0,(anonymous_11)
FNDA:0,(anonymous_12)
DA:28,0
DA:29,0
DA:30,0
DA:32,0
DA:36,0
DA:40,0
DA:44,0
DA:45,0
DA:46,0
DA:47,0
DA:48,0
DA:49,0
DA:57,0
DA:58,0
DA:59,0
DA:63,0
DA:64,0
DA:65,0
DA:77,0
DA:78,0
DA:82,0
DA:83,0
DA:84,0
DA:85,0
DA:87,0
DA:88,0
DA:98,0
DA:99,0
DA:100,0
DA:103,0
DA:104,0
DA:105,0
DA:110,0
DA:113,0
DA:114,0
LF:35
LH:0
BRDA:29,0,0,0
BRDA:29,0,1,0
BRDA:83,1,0,0
BRDA:83,1,1,0
BRDA:113,2,0,0
BRDA:113,2,1,0
BRF:6
BRH:0
end_of_record
TN:
SF:src\services\admin\adminService.ts
FN:45,subscribeAdminStats
FN:53,(anonymous_1)
FN:60,(anonymous_2)
FN:70,(anonymous_3)
FN:80,(anonymous_4)
FN:88,(anonymous_5)
FN:89,(anonymous_6)
FN:93,subscribeAllUsers
FN:100,(anonymous_8)
FN:101,(anonymous_9)
FN:116,subscribeAllOrders
FN:125,(anonymous_11)
FN:126,(anonymous_12)
FN:143,(anonymous_13)
FN:164,(anonymous_14)
FN:176,subscribeNewOrderCount
FN:183,(anonymous_16)
FN:184,(anonymous_17)
FN:197,markOrderAsViewed
FN:206,subscribeAllProducts
FN:213,(anonymous_20)
FN:214,(anonymous_21)
FN:229,subscribeRecentUsers
FN:236,(anonymous_23)
FN:237,(anonymous_24)
FN:252,subscribeRecentOrders
FN:261,(anonymous_26)
FN:262,(anonymous_27)
FN:276,(anonymous_28)
FN:306,assignRoleByEmail
FN:358,updateUserRole
FN:393,getRoleAssignmentByEmail
FN:409,getUserByUid
FN:432,getUserAddresses
FN:438,(anonymous_34)
FN:448,getUserTickets
FN:451,(anonymous_36)
FN:457,(anonymous_37)
FN:467,getOrderByIdForAdmin
FN:484,subscribeOrderByIdForAdmin
FN:494,(anonymous_40)
FN:506,(anonymous_41)
FN:517,updateOrderStatus
FN:621,(anonymous_43)
FN:635,approveOrderCancellation
FN:650,(anonymous_45)
FN:749,(anonymous_46)
FN:762,rejectOrderCancellation
FN:777,(anonymous_48)
FN:829,(anonymous_49)
FNF:50
FNH:0
FNDA:0,subscribeAdminStats
FNDA:0,(anonymous_1)
FNDA:0,(anonymous_2)
FNDA:0,(anonymous_3)
FNDA:0,(anonymous_4)
FNDA:0,(anonymous_5)
FNDA:0,(anonymous_6)
FNDA:0,subscribeAllUsers
FNDA:0,(anonymous_8)
FNDA:0,(anonymous_9)
FNDA:0,subscribeAllOrders
FNDA:0,(anonymous_11)
FNDA:0,(anonymous_12)
FNDA:0,(anonymous_13)
FNDA:0,(anonymous_14)
FNDA:0,subscribeNewOrderCount
FNDA:0,(anonymous_16)
FNDA:0,(anonymous_17)
FNDA:0,markOrderAsViewed
FNDA:0,subscribeAllProducts
FNDA:0,(anonymous_20)
FNDA:0,(anonymous_21)
FNDA:0,subscribeRecentUsers
FNDA:0,(anonymous_23)
FNDA:0,(anonymous_24)
FNDA:0,subscribeRecentOrders
FNDA:0,(anonymous_26)
FNDA:0,(anonymous_27)
FNDA:0,(anonymous_28)
FNDA:0,assignRoleByEmail
FNDA:0,updateUserRole
FNDA:0,getRoleAssignmentByEmail
FNDA:0,getUserByUid
FNDA:0,getUserAddresses
FNDA:0,(anonymous_34)
FNDA:0,getUserTickets
FNDA:0,(anonymous_36)
FNDA:0,(anonymous_37)
FNDA:0,getOrderByIdForAdmin
FNDA:0,subscribeOrderByIdForAdmin
FNDA:0,(anonymous_40)
FNDA:0,(anonymous_41)
FNDA:0,updateOrderStatus
FNDA:0,(anonymous_43)
FNDA:0,approveOrderCancellation
FNDA:0,(anonymous_45)
FNDA:0,(anonymous_46)
FNDA:0,rejectOrderCancellation
FNDA:0,(anonymous_48)
FNDA:0,(anonymous_49)
DA:49,0
DA:50,0
DA:51,0
DA:53,0
DA:55,0
DA:57,0
DA:61,0
DA:62,0
DA:67,0
DA:71,0
DA:72,0
DA:77,0
DA:81,0
DA:82,0
DA:88,0
DA:89,0
DA:97,0
DA:98,0
DA:101,0
DA:102,0
DA:103,0
DA:110,0
DA:122,0
DA:123,0
DA:126,0
DA:127,0
DA:128,0
DA:130,0
DA:131,0
DA:143,0
DA:144,0
DA:151,0
DA:158,0
DA:162,0
DA:165,0
DA:166,0
DA:167,0
DA:180,0
DA:181,0
DA:184,0
DA:185,0
DA:186,0
DA:188,0
DA:198,0
DA:199,0
DA:210,0
DA:211,0
DA:214,0
DA:215,0
DA:216,0
DA:223,0
DA:233,0
DA:234,0
DA:237,0
DA:238,0
DA:239,0
DA:246,0
DA:258,0
DA:259,0
DA:262,0
DA:263,0
DA:264,0
DA:265,0
DA:276,0
DA:277,0
DA:284,0
DA:291,0
DA:295,0
DA:307,0
DA:308,0
DA:310,0
DA:311,0
DA:315,0
DA:316,0
DA:317,0
DA:320,0
DA:321,0
DA:324,0
DA:325,0
DA:328,0
DA:329,0
DA:330,0
DA:334,0
DA:335,0
DA:337,0
DA:340,0
DA:347,0
DA:348,0
DA:359,0
DA:360,0
DA:362,0
DA:363,0
DA:365,0
DA:366,0
DA:369,0
DA:372,0
DA:373,0
DA:374,0
DA:378,0
DA:379,0
DA:380,0
DA:381,0
DA:384,0
DA:394,0
DA:395,0
DA:399,0
DA:400,0
DA:403,0
DA:412,0
DA:413,0
DA:415,0
DA:416,0
DA:419,0
DA:420,0
DA:433,0
DA:437,0
DA:438,0
DA:449,0
DA:450,0
DA:451,0
DA:457,0
DA:458,0
DA:459,0
DA:460,0
DA:468,0
DA:469,0
DA:471,0
DA:472,0
DA:475,0
DA:490,0
DA:492,0
DA:495,0
DA:496,0
DA:497,0
DA:500,0
DA:504,0
DA:507,0
DA:508,0
DA:523,0
DA:524,0
DA:526,0
DA:527,0
DA:529,0
DA:530,0
DA:534,0
DA:535,0
DA:536,0
DA:539,0
DA:542,0
DA:543,0
DA:544,0
DA:547,0
DA:548,0
DA:549,0
DA:552,0
DA:553,0
DA:556,0
DA:557,0
DA:560,0
DA:562,0
DA:564,0
DA:569,0
DA:570,0
DA:575,0
DA:580,0
DA:586,0
DA:588,0
DA:596,0
DA:597,0
DA:598,0
DA:600,0
DA:601,0
DA:603,0
DA:604,0
DA:605,0
DA:608,0
DA:609,0
DA:610,0
DA:613,0
DA:623,0
DA:627,0
DA:640,0
DA:641,0
DA:643,0
DA:644,0
DA:646,0
DA:647,0
DA:650,0
DA:651,0
DA:652,0
DA:654,0
DA:655,0
DA:658,0
DA:660,0
DA:661,0
DA:664,0
DA:665,0
DA:668,0
DA:669,0
DA:670,0
DA:673,0
DA:676,0
DA:677,0
DA:678,0
DA:679,0
DA:682,0
DA:683,0
DA:685,0
DA:686,0
DA:687,0
DA:688,0
DA:690,0
DA:691,0
DA:692,0
DA:695,0
DA:698,0
DA:699,0
DA:702,0
DA:707,0
DA:713,0
DA:719,0
DA:725,0
DA:727,0
DA:736,0
DA:737,0
DA:739,0
DA:751,0
DA:755,0
DA:767,0
DA:768,0
DA:770,0
DA:771,0
DA:773,0
DA:774,0
DA:777,0
DA:778,0
DA:779,0
DA:781,0
DA:782,0
DA:785,0
DA:787,0
DA:788,0
DA:791,0
DA:792,0
DA:795,0
DA:798,0
DA:803,0
DA:805,0
DA:816,0
DA:817,0
DA:819,0
DA:831,0
DA:835,0
LF:253
LH:0
BRDA:130,0,0,0
BRDA:130,0,1,0
BRDA:134,1,0,0
BRDA:134,1,1,0
BRDA:136,2,0,0
BRDA:136,2,1,0
BRDA:137,3,0,0
BRDA:137,3,1,0
BRDA:144,4,0,0
BRDA:144,4,1,0
BRDA:146,5,0,0
BRDA:146,5,1,0
BRDA:148,6,0,0
BRDA:148,6,1,0
BRDA:151,7,0,0
BRDA:151,7,1,0
BRDA:153,8,0,0
BRDA:153,8,1,0
BRDA:155,9,0,0
BRDA:155,9,1,0
BRDA:166,10,0,0
BRDA:166,10,1,0
BRDA:218,11,0,0
BRDA:218,11,1,0
BRDA:219,12,0,0
BRDA:219,12,1,0
BRDA:220,13,0,0
BRDA:220,13,1,0
BRDA:268,14,0,0
BRDA:268,14,1,0
BRDA:269,15,0,0
BRDA:269,15,1,0
BRDA:270,16,0,0
BRDA:270,16,1,0
BRDA:277,17,0,0
BRDA:277,17,1,0
BRDA:279,18,0,0
BRDA:279,18,1,0
BRDA:281,19,0,0
BRDA:281,19,1,0
BRDA:284,20,0,0
BRDA:284,20,1,0
BRDA:286,21,0,0
BRDA:286,21,1,0
BRDA:288,22,0,0
BRDA:288,22,1,0
BRDA:307,23,0,0
BRDA:307,23,1,0
BRDA:308,24,0,0
BRDA:308,24,1,0
BRDA:310,25,0,0
BRDA:310,25,1,0
BRDA:316,26,0,0
BRDA:316,26,1,0
BRDA:320,27,0,0
BRDA:320,27,1,0
BRDA:329,28,0,0
BRDA:329,28,1,0
BRDA:337,29,0,0
BRDA:337,29,1,0
BRDA:359,30,0,0
BRDA:359,30,1,0
BRDA:360,31,0,0
BRDA:360,31,1,0
BRDA:362,32,0,0
BRDA:362,32,1,0
BRDA:365,33,0,0
BRDA:365,33,1,0
BRDA:373,34,0,0
BRDA:373,34,1,0
BRDA:380,35,0,0
BRDA:380,35,1,0
BRDA:399,36,0,0
BRDA:399,36,1,0
BRDA:403,37,0,0
BRDA:403,37,1,0
BRDA:415,38,0,0
BRDA:415,38,1,0
BRDA:458,39,0,0
BRDA:458,39,1,0
BRDA:459,40,0,0
BRDA:459,40,1,0
BRDA:471,41,0,0
BRDA:471,41,1,0
BRDA:495,42,0,0
BRDA:495,42,1,0
BRDA:507,43,0,0
BRDA:507,43,1,0
BRDA:523,44,0,0
BRDA:523,44,1,0
BRDA:524,45,0,0
BRDA:524,45,1,0
BRDA:526,46,0,0
BRDA:526,46,1,0
BRDA:529,47,0,0
BRDA:529,47,1,0
BRDA:535,48,0,0
BRDA:535,48,1,0
BRDA:543,49,0,0
BRDA:543,49,1,0
BRDA:549,50,0,0
BRDA:549,50,1,0
BRDA:552,51,0,0
BRDA:552,51,1,0
BRDA:552,52,0,0
BRDA:552,52,1,0
BRDA:556,53,0,0
BRDA:556,53,1,0
BRDA:556,54,0,0
BRDA:556,54,1,0
BRDA:560,55,0,0
BRDA:560,55,1,0
BRDA:562,56,0,0
BRDA:562,56,1,0
BRDA:583,57,0,0
BRDA:583,57,1,0
BRDA:596,58,0,0
BRDA:596,58,1,0
BRDA:596,59,0,0
BRDA:596,59,1,0
BRDA:603,60,0,0
BRDA:603,60,1,0
BRDA:606,61,0,0
BRDA:606,61,1,0
BRDA:608,62,0,0
BRDA:608,62,1,0
BRDA:610,63,0,0
BRDA:610,63,1,0
BRDA:640,64,0,0
BRDA:640,64,1,0
BRDA:641,65,0,0
BRDA:641,65,1,0
BRDA:643,66,0,0
BRDA:643,66,1,0
BRDA:646,67,0,0
BRDA:646,67,1,0
BRDA:654,68,0,0
BRDA:654,68,1,0
BRDA:660,69,0,0
BRDA:660,69,1,0
BRDA:664,70,0,0
BRDA:664,70,1,0
BRDA:668,71,0,0
BRDA:668,71,1,0
BRDA:669,72,0,0
BRDA:669,72,1,0
BRDA:669,73,0,0
BRDA:669,73,1,0
BRDA:673,74,0,0
BRDA:673,74,1,0
BRDA:677,75,0,0
BRDA:677,75,1,0
BRDA:685,76,0,0
BRDA:685,76,1,0
BRDA:687,77,0,0
BRDA:687,77,1,0
BRDA:688,78,0,0
BRDA:688,78,1,0
BRDA:690,79,0,0
BRDA:690,79,1,0
BRDA:698,80,0,0
BRDA:698,80,1,0
BRDA:722,81,0,0
BRDA:722,81,1,0
BRDA:743,82,0,0
BRDA:743,82,1,0
BRDA:767,83,0,0
BRDA:767,83,1,0
BRDA:768,84,0,0
BRDA:768,84,1,0
BRDA:770,85,0,0
BRDA:770,85,1,0
BRDA:773,86,0,0
BRDA:773,86,1,0
BRDA:781,87,0,0
BRDA:781,87,1,0
BRDA:787,88,0,0
BRDA:787,88,1,0
BRDA:791,89,0,0
BRDA:791,89,1,0
BRDA:795,90,0,0
BRDA:795,90,1,0
BRDA:801,91,0,0
BRDA:801,91,1,0
BRDA:809,92,0,0
BRDA:809,92,1,0
BRDA:823,93,0,0
BRDA:823,93,1,0
BRF:188
BRH:0
end_of_record
TN:
SF:src\services\admin\categoryAdminService.ts
FN:16,slugifyCategoryName
FN:27,createCategory
FN:52,renameCategory
FN:91,deleteCategory
FNF:4
FNH:0
FNDA:0,slugifyCategoryName
FNDA:0,createCategory
FNDA:0,renameCategory
FNDA:0,deleteCategory
DA:17,0
DA:24,0
DA:28,0
DA:29,0
DA:30,0
DA:32,0
DA:33,0
DA:34,0
DA:37,0
DA:38,0
DA:39,0
DA:40,0
DA:43,0
DA:49,0
DA:53,0
DA:54,0
DA:56,0
DA:57,0
DA:59,0
DA:60,0
DA:63,0
DA:64,0
DA:68,0
DA:69,0
DA:70,0
DA:71,0
DA:75,0
DA:76,0
DA:78,0
DA:79,0
DA:80,0
DA:81,0
DA:85,0
DA:92,0
DA:93,0
DA:94,0
DA:98,0
DA:99,0
DA:100,0
DA:101,0
DA:104,0
LF:41
LH:0
BRDA:17,0,0,0
BRDA:17,0,1,0
BRDA:28,1,0,0
BRDA:28,1,1,0
BRDA:29,2,0,0
BRDA:29,2,1,0
BRDA:33,3,0,0
BRDA:33,3,1,0
BRDA:39,4,0,0
BRDA:39,4,1,0
BRDA:53,5,0,0
BRDA:53,5,1,0
BRDA:54,6,0,0
BRDA:54,6,1,0
BRDA:56,7,0,0
BRDA:56,7,1,0
BRDA:59,8,0,0
BRDA:59,8,1,0
BRDA:63,9,0,0
BRDA:63,9,1,0
BRDA:70,10,0,0
BRDA:70,10,1,0
BRDA:76,11,0,0
BRDA:76,11,1,0
BRDA:80,12,0,0
BRDA:80,12,1,0
BRDA:92,13,0,0
BRDA:92,13,1,0
BRDA:93,14,0,0
BRDA:93,14,1,0
BRDA:100,15,0,0
BRDA:100,15,1,0
BRF:32
BRH:0
end_of_record
TN:
SF:src\services\admin\productAdminService.ts
FN:41,getProductById
FN:49,generateNewProductId
FN:55,upsertProduct
FN:130,(anonymous_3)
FN:195,deleteProduct
FN:232,(anonymous_5)
FN:252,(anonymous_6)
FN:271,(anonymous_7)
FN:286,(anonymous_8)
FN:296,(anonymous_9)
FN:306,(anonymous_10)
FN:310,(anonymous_11)
FN:334,(anonymous_12)
FN:362,(anonymous_13)
FNF:14
FNH:0
FNDA:0,getProductById
FNDA:0,generateNewProductId
FNDA:0,upsertProduct
FNDA:0,(anonymous_3)
FNDA:0,deleteProduct
FNDA:0,(anonymous_5)
FNDA:0,(anonymous_6)
FNDA:0,(anonymous_7)
FNDA:0,(anonymous_8)
FNDA:0,(anonymous_9)
FNDA:0,(anonymous_10)
FNDA:0,(anonymous_11)
FNDA:0,(anonymous_12)
FNDA:0,(anonymous_13)
DA:42,0
DA:43,0
DA:44,0
DA:46,0
DA:51,0
DA:52,0
DA:73,0
DA:74,0
DA:75,0
DA:77,0
DA:78,0
DA:82,0
DA:83,0
DA:84,0
DA:86,0
DA:87,0
DA:88,0
DA:89,0
DA:93,0
DA:94,0
DA:95,0
DA:97,0
DA:98,0
DA:102,0
DA:103,0
DA:104,0
DA:106,0
DA:107,0
DA:111,0
DA:112,0
DA:113,0
DA:117,0
DA:118,0
DA:119,0
DA:123,0
DA:124,0
DA:125,0
DA:129,0
DA:130,0
DA:132,0
DA:133,0
DA:135,0
DA:136,0
DA:139,0
DA:157,0
DA:158,0
DA:159,0
DA:160,0
DA:164,0
DA:165,0
DA:168,0
DA:177,0
DA:181,0
DA:182,0
DA:192,0
DA:196,0
DA:197,0
DA:198,0
DA:201,0
DA:202,0
DA:203,0
DA:204,0
DA:207,0
DA:208,0
DA:212,0
DA:217,0
DA:220,0
DA:221,0
DA:226,0
DA:227,0
DA:228,0
DA:229,0
DA:230,0
DA:232,0
DA:233,0
DA:234,0
DA:235,0
DA:242,0
DA:246,0
DA:249,0
DA:250,0
DA:252,0
DA:254,0
DA:255,0
DA:256,0
DA:257,0
DA:258,0
DA:263,0
DA:267,0
DA:269,0
DA:271,0
DA:273,0
DA:274,0
DA:275,0
DA:276,0
DA:277,0
DA:284,0
DA:285,0
DA:286,0
DA:287,0
DA:288,0
DA:291,0
DA:294,0
DA:295,0
DA:296,0
DA:297,0
DA:298,0
DA:301,0
DA:305,0
DA:306,0
DA:307,0
DA:308,0
DA:310,0
DA:311,0
DA:312,0
DA:316,0
DA:317,0
DA:321,0
DA:322,0
DA:323,0
DA:325,0
DA:326,0
DA:328,0
DA:329,0
DA:333,0
DA:334,0
DA:335,0
DA:341,0
DA:342,0
DA:343,0
DA:344,0
DA:346,0
DA:347,0
DA:348,0
DA:349,0
DA:350,0
DA:351,0
DA:352,0
DA:355,0
DA:356,0
DA:363,0
DA:370,0
LF:142
LH:0
BRDA:43,0,0,0
BRDA:43,0,1,0
BRDA:73,1,0,0
BRDA:73,1,1,0
BRDA:74,2,0,0
BRDA:74,2,1,0
BRDA:77,3,0,0
BRDA:77,3,1,0
BRDA:82,4,0,0
BRDA:82,4,1,0
BRDA:83,5,0,0
BRDA:83,5,1,0
BRDA:88,6,0,0
BRDA:88,6,1,0
BRDA:93,7,0,0
BRDA:93,7,1,0
BRDA:94,8,0,0
BRDA:94,8,1,0
BRDA:94,9,0,0
BRDA:94,9,1,0
BRDA:97,10,0,0
BRDA:97,10,1,0
BRDA:102,11,0,0
BRDA:102,11,1,0
BRDA:103,12,0,0
BRDA:103,12,1,0
BRDA:103,13,0,0
BRDA:103,13,1,0
BRDA:106,14,0,0
BRDA:106,14,1,0
BRDA:111,15,0,0
BRDA:111,15,1,0
BRDA:112,16,0,0
BRDA:112,16,1,0
BRDA:112,17,0,0
BRDA:112,17,1,0
BRDA:112,17,2,0
BRDA:117,18,0,0
BRDA:117,18,1,0
BRDA:118,19,0,0
BRDA:118,19,1,0
BRDA:118,20,0,0
BRDA:118,20,1,0
BRDA:118,20,2,0
BRDA:123,21,0,0
BRDA:123,21,1,0
BRDA:124,22,0,0
BRDA:124,22,1,0
BRDA:129,23,0,0
BRDA:129,23,1,0
BRDA:132,24,0,0
BRDA:132,24,1,0
BRDA:135,25,0,0
BRDA:135,25,1,0
BRDA:148,26,0,0
BRDA:148,26,1,0
BRDA:149,27,0,0
BRDA:149,27,1,0
BRDA:150,28,0,0
BRDA:150,28,1,0
BRDA:151,29,0,0
BRDA:151,29,1,0
BRDA:152,30,0,0
BRDA:152,30,1,0
BRDA:153,31,0,0
BRDA:153,31,1,0
BRDA:157,32,0,0
BRDA:157,32,1,0
BRDA:160,33,0,0
BRDA:160,33,1,0
BRDA:196,34,0,0
BRDA:196,34,1,0
BRDA:197,35,0,0
BRDA:197,35,1,0
BRDA:203,36,0,0
BRDA:203,36,1,0
BRDA:208,37,0,0
BRDA:208,37,1,0
BRDA:220,38,0,0
BRDA:220,38,1,0
BRDA:228,39,0,0
BRDA:228,39,1,0
BRDA:229,40,0,0
BRDA:229,40,1,0
BRDA:233,41,0,0
BRDA:233,41,1,0
BRDA:234,42,0,0
BRDA:234,42,1,0
BRDA:255,43,0,0
BRDA:255,43,1,0
BRDA:255,44,0,0
BRDA:255,44,1,0
BRDA:274,45,0,0
BRDA:274,45,1,0
BRDA:274,46,0,0
BRDA:274,46,1,0
BRDA:285,47,0,0
BRDA:285,47,1,0
BRDA:287,48,0,0
BRDA:287,48,1,0
BRDA:295,49,0,0
BRDA:295,49,1,0
BRDA:297,50,0,0
BRDA:297,50,1,0
BRDA:316,51,0,0
BRDA:316,51,1,0
BRDA:316,52,0,0
BRDA:316,52,1,0
BRDA:322,53,0,0
BRDA:322,53,1,0
BRDA:325,54,0,0
BRDA:325,54,1,0
BRDA:328,55,0,0
BRDA:328,55,1,0
BRDA:333,56,0,0
BRDA:333,56,1,0
BRDA:341,57,0,0
BRDA:341,57,1,0
BRDA:347,58,0,0
BRDA:347,58,1,0
BRDA:347,59,0,0
BRDA:347,59,1,0
BRDA:349,60,0,0
BRDA:349,60,1,0
BRDA:351,61,0,0
BRDA:351,61,1,0
BRDA:355,62,0,0
BRDA:355,62,1,0
BRF:128
BRH:0
end_of_record
TN:
SF:src\theme\index.ts
FNF:0
FNH:0
DA:1,0
DA:14,0
DA:23,0
DA:31,0
LF:4
LH:0
BRF:0
BRH:0
end_of_record
TN:
SF:src\utils\avatarStorageInit.ts
FN:24,imageToBase64
FN:51,(anonymous_1)
FN:52,(anonymous_2)
FN:91,initializeAvatarStorage
FN:138,storeAvatarManually
FNF:5
FNH:0
FNDA:0,imageToBase64
FNDA:0,(anonymous_1)
FNDA:0,(anonymous_2)
FNDA:0,initializeAvatarStorage
FNDA:0,storeAvatarManually
DA:25,0
DA:27,0
DA:28,0
DA:29,0
DA:30,0
DA:39,0
DA:44,0
DA:45,0
DA:46,0
DA:50,0
DA:51,0
DA:52,0
DA:53,0
DA:54,0
DA:56,0
DA:57,0
DA:59,0
DA:62,0
DA:63,0
DA:67,0
DA:71,0
DA:75,0
DA:78,0
DA:81,0
DA:82,0
DA:92,0
DA:94,0
DA:95,0
DA:96,0
DA:97,0
DA:100,0
DA:101,0
DA:104,0
DA:105,0
DA:106,0
DA:107,0
DA:108,0
DA:109,0
DA:111,0
DA:114,0
DA:119,0
DA:120,0
DA:121,0
DA:123,0
DA:125,0
DA:128,0
DA:139,0
DA:140,0
LF:48
LH:0
BRDA:28,0,0,0
BRDA:28,0,1,0
BRDA:39,1,0,0
BRDA:39,1,1,0
BRDA:40,2,0,0
BRDA:40,2,1,0
BRDA:40,2,2,0
BRDA:56,3,0,0
BRDA:56,3,1,0
BRDA:95,4,0,0
BRDA:95,4,1,0
BRDA:107,5,0,0
BRDA:107,5,1,0
BRDA:119,6,0,0
BRDA:119,6,1,0
BRF:15
BRH:0
end_of_record
TN:
SF:src\utils\avatarUtils.ts
FN:22,getAvatarSource
FN:47,getAvatarSourceAsync
FN:76,getAvatarSourceFromStorage
FN:102,clearAvatarCache
FN:113,resolveAvatarIdSafe
FN:137,getAvatarSourceForUser
FN:153,getAvatarSourceForUserAsync
FN:168,isValidAvatarId
FNF:8
FNH:0
FNDA:0,getAvatarSource
FNDA:0,getAvatarSourceAsync
FNDA:0,getAvatarSourceFromStorage
FNDA:0,clearAvatarCache
FNDA:0,resolveAvatarIdSafe
FNDA:0,getAvatarSourceForUser
FNDA:0,getAvatarSourceForUserAsync
FNDA:0,isValidAvatarId
DA:12,0
DA:26,0
DA:27,0
DA:30,0
DA:31,0
DA:32,0
DA:36,0
DA:52,0
DA:53,0
DA:56,0
DA:57,0
DA:58,0
DA:62,0
DA:63,0
DA:64,0
DA:68,0
DA:78,0
DA:79,0
DA:82,0
DA:84,0
DA:85,0
DA:87,0
DA:89,0
DA:90,0
DA:93,0
DA:96,0
DA:103,0
DA:118,0
DA:119,0
DA:122,0
DA:123,0
DA:125,0
DA:142,0
DA:143,0
DA:158,0
DA:159,0
DA:169,0
DA:170,0
DA:172,0
DA:173,0
LF:40
LH:0
BRDA:24,0,0,0
BRDA:26,1,0,0
BRDA:26,1,1,0
BRDA:31,2,0,0
BRDA:31,2,1,0
BRDA:31,3,0,0
BRDA:31,3,1,0
BRDA:49,4,0,0
BRDA:52,5,0,0
BRDA:52,5,1,0
BRDA:53,6,0,0
BRDA:53,6,1,0
BRDA:57,7,0,0
BRDA:57,7,1,0
BRDA:57,8,0,0
BRDA:57,8,1,0
BRDA:58,9,0,0
BRDA:58,9,1,0
BRDA:63,10,0,0
BRDA:63,10,1,0
BRDA:78,11,0,0
BRDA:78,11,1,0
BRDA:85,12,0,0
BRDA:85,12,1,0
BRDA:122,13,0,0
BRDA:122,13,1,0
BRDA:169,14,0,0
BRDA:169,14,1,0
BRF:28
BRH:0
end_of_record
TN:
SF:src\utils\constants.ts
FNF:0
FNH:0
DA:1,0
LF:1
LH:0
BRF:0
BRH:0
end_of_record
TN:
SF:src\utils\helpers.ts
FN:1,(anonymous_0)
FN:3,(anonymous_1)
FN:5,clamp01
FN:9,hexToRgb
FN:19,(anonymous_4)
FN:28,(anonymous_5)
FN:37,relativeLuminance
FN:38,(anonymous_7)
FN:39,(anonymous_8)
FN:49,getReadableTextColor
FNF:10
FNH:0
FNDA:0,(anonymous_0)
FNDA:0,(anonymous_1)
FNDA:0,clamp01
FNDA:0,hexToRgb
FNDA:0,(anonymous_4)
FNDA:0,(anonymous_5)
FNDA:0,relativeLuminance
FNDA:0,(anonymous_7)
FNDA:0,(anonymous_8)
FNDA:0,getReadableTextColor
DA:1,0
DA:3,0
DA:6,0
DA:10,0
DA:11,0
DA:12,0
DA:14,0
DA:15,0
DA:16,0
DA:17,0
DA:18,0
DA:19,0
DA:20,0
DA:22,0
DA:24,0
DA:25,0
DA:26,0
DA:27,0
DA:28,0
DA:29,0
DA:31,0
DA:33,0
DA:38,0
DA:39,0
DA:40,0
DA:42,0
DA:54,0
DA:55,0
DA:56,0
DA:58,0
DA:60,0
LF:31
LH:0
BRDA:10,0,0,0
BRDA:10,0,1,0
BRDA:11,1,0,0
BRDA:11,1,1,0
BRDA:15,2,0,0
BRDA:15,2,1,0
BRDA:19,3,0,0
BRDA:19,3,1,0
BRDA:24,4,0,0
BRDA:24,4,1,0
BRDA:28,5,0,0
BRDA:28,5,1,0
BRDA:40,6,0,0
BRDA:40,6,1,0
BRDA:51,7,0,0
BRDA:52,8,0,0
BRDA:55,9,0,0
BRDA:55,9,1,0
BRDA:60,10,0,0
BRDA:60,10,1,0
BRF:20
BRH:0
end_of_record
TN:
SF:src\utils\storage.ts
FN:20,(anonymous_0)
FN:28,(anonymous_1)
FN:39,(anonymous_2)
FN:47,(anonymous_3)
FN:58,(anonymous_4)
FN:66,(anonymous_5)
FN:76,(anonymous_6)
FN:84,(anonymous_7)
FN:95,(anonymous_8)
FN:103,(anonymous_9)
FN:114,(anonymous_10)
FN:122,(anonymous_11)
FN:133,(anonymous_12)
FN:141,(anonymous_13)
FN:152,(anonymous_14)
FN:160,(anonymous_15)
FN:171,(anonymous_16)
FN:179,(anonymous_17)
FN:203,(anonymous_18)
FN:217,(anonymous_19)
FN:231,(anonymous_20)
FN:233,(anonymous_21)
FN:248,(anonymous_22)
FN:261,(anonymous_23)
FN:264,(anonymous_24)
FN:272,(anonymous_25)
FNF:26
FNH:0
FNDA:0,(anonymous_0)
FNDA:0,(anonymous_1)
FNDA:0,(anonymous_2)
FNDA:0,(anonymous_3)
FNDA:0,(anonymous_4)
FNDA:0,(anonymous_5)
FNDA:0,(anonymous_6)
FNDA:0,(anonymous_7)
FNDA:0,(anonymous_8)
FNDA:0,(anonymous_9)
FNDA:0,(anonymous_10)
FNDA:0,(anonymous_11)
FNDA:0,(anonymous_12)
FNDA:0,(anonymous_13)
FNDA:0,(anonymous_14)
FNDA:0,(anonymous_15)
FNDA:0,(anonymous_16)
FNDA:0,(anonymous_17)
FNDA:0,(anonymous_18)
FNDA:0,(anonymous_19)
FNDA:0,(anonymous_20)
FNDA:0,(anonymous_21)
FNDA:0,(anonymous_22)
FNDA:0,(anonymous_23)
FNDA:0,(anonymous_24)
FNDA:0,(anonymous_25)
DA:4,0
DA:20,0
DA:21,0
DA:22,0
DA:24,0
DA:28,0
DA:29,0
DA:30,0
DA:31,0
DA:33,0
DA:34,0
DA:39,0
DA:40,0
DA:41,0
DA:43,0
DA:47,0
DA:48,0
DA:49,0
DA:50,0
DA:52,0
DA:53,0
DA:58,0
DA:59,0
DA:60,0
DA:62,0
DA:66,0
DA:67,0
DA:68,0
DA:70,0
DA:71,0
DA:76,0
DA:77,0
DA:78,0
DA:80,0
DA:84,0
DA:85,0
DA:86,0
DA:87,0
DA:89,0
DA:90,0
DA:95,0
DA:96,0
DA:97,0
DA:99,0
DA:103,0
DA:104,0
DA:105,0
DA:106,0
DA:108,0
DA:109,0
DA:114,0
DA:115,0
DA:116,0
DA:118,0
DA:122,0
DA:123,0
DA:124,0
DA:125,0
DA:127,0
DA:128,0
DA:133,0
DA:134,0
DA:135,0
DA:137,0
DA:141,0
DA:142,0
DA:143,0
DA:144,0
DA:146,0
DA:147,0
DA:152,0
DA:153,0
DA:154,0
DA:156,0
DA:160,0
DA:161,0
DA:162,0
DA:163,0
DA:165,0
DA:166,0
DA:171,0
DA:172,0
DA:173,0
DA:175,0
DA:179,0
DA:180,0
DA:181,0
DA:182,0
DA:183,0
DA:185,0
DA:186,0
DA:188,0
DA:190,0
DA:191,0
DA:203,0
DA:204,0
DA:205,0
DA:206,0
DA:208,0
DA:217,0
DA:218,0
DA:219,0
DA:220,0
DA:222,0
DA:223,0
DA:231,0
DA:232,0
DA:233,0
DA:234,0
DA:236,0
DA:238,0
DA:240,0
DA:248,0
DA:249,0
DA:250,0
DA:251,0
DA:253,0
DA:254,0
DA:261,0
DA:262,0
DA:263,0
DA:264,0
DA:265,0
DA:267,0
DA:272,0
DA:273,0
DA:274,0
DA:276,0
DA:277,0
LF:129
LH:0
BRDA:31,0,0,0
BRDA:31,0,1,0
BRDA:50,1,0,0
BRDA:50,1,1,0
BRDA:87,2,0,0
BRDA:87,2,1,0
BRDA:106,3,0,0
BRDA:106,3,1,0
BRDA:125,4,0,0
BRDA:125,4,1,0
BRDA:144,5,0,0
BRDA:144,5,1,0
BRDA:163,6,0,0
BRDA:163,6,1,0
BRDA:182,7,0,0
BRDA:182,7,1,0
BRDA:185,8,0,0
BRDA:185,8,1,0
BRDA:185,9,0,0
BRDA:185,9,1,0
BRDA:185,9,2,0
BRDA:185,9,3,0
BRDA:185,9,4,0
BRF:23
BRH:0
end_of_record
TN:
SF:src\utils\validations.ts
FN:1,(anonymous_0)
FNF:1
FNH:0
FNDA:0,(anonymous_0)
DA:1,0
LF:1
LH:0
BRF:0
BRH:0
end_of_record
